0 verbose cli /Users/jrdizon/Library/Mobile Documents/com~apple~CloudDocs/Documents/Anti Gravity/CF-Command-Center/node-v20.11.1-darwin-arm64/bin/node /Users/jrdizon/Library/Mobile Documents/com~apple~CloudDocs/Documents/Anti Gravity/CF-Command-Center/node-v20.11.1-darwin-arm64/lib/node_modules/npm/bin/npm-cli.js
1 info using npm@10.2.4
2 info using node@v20.11.1
3 timing npm:load:whichnode Completed in 1ms
4 timing config:load:defaults Completed in 1ms
5 timing config:load:file:/Users/jrdizon/Library/Mobile Documents/com~apple~CloudDocs/Documents/Anti Gravity/CF-Command-Center/node-v20.11.1-darwin-arm64/lib/node_modules/npm/npmrc Completed in 0ms
6 timing config:load:builtin Completed in 0ms
7 timing config:load:cli Completed in 1ms
8 timing config:load:env Completed in 0ms
9 timing config:load:file:/Users/jrdizon/Library/Mobile Documents/com~apple~CloudDocs/Documents/Anti Gravity/CF-Command-Center/.npmrc Completed in 0ms
10 timing config:load:project Completed in 2ms
11 timing config:load:file:/Users/jrdizon/.npmrc Completed in 0ms
12 timing config:load:user Completed in 0ms
13 timing config:load:file:/Users/jrdizon/Library/Mobile Documents/com~apple~CloudDocs/Documents/Anti Gravity/CF-Command-Center/node-v20.11.1-darwin-arm64/etc/npmrc Completed in 1ms
14 timing config:load:global Completed in 1ms
15 timing config:load:setEnvs Completed in 0ms
16 timing config:load Completed in 5ms
17 timing npm:load:configload Completed in 5ms
18 timing config:load:flatten Completed in 1ms
19 timing npm:load:mkdirpcache Completed in 0ms
20 timing npm:load:mkdirplogs Completed in 0ms
21 verbose title npm exec next dev --no-turbo
22 verbose argv "exec" "--" "next" "dev" "--no-turbo"
23 timing npm:load:setTitle Completed in 5ms
24 timing npm:load:display Completed in 0ms
25 verbose logfile logs-max:10 dir:/Users/jrdizon/Library/Mobile Documents/com~apple~CloudDocs/Documents/Anti Gravity/CF-Command-Center/.npm-cache/_logs/2026-02-26T04_31_07_467Z-
26 verbose logfile /Users/jrdizon/Library/Mobile Documents/com~apple~CloudDocs/Documents/Anti Gravity/CF-Command-Center/.npm-cache/_logs/2026-02-26T04_31_07_467Z-debug-0.log
27 timing npm:load:logFile Completed in 4ms
28 timing npm:load:timers Completed in 0ms
29 timing npm:load:configScope Completed in 0ms
30 timing npm:load Completed in 21ms
31 silly logfile start cleaning logs, removing 1 files
32 silly logfile done cleaning log files
33 timing command:exec Completed in 75ms
34 verbose exit 1
35 timing npm Completed in 88709ms
36 verbose code 1
