0 verbose cli /Users/jradmin/Documents/Anti Gravity/CF-Command-Center/node-v20.11.1-darwin-arm64/bin/node /Users/jradmin/Documents/Anti Gravity/CF-Command-Center/node-v20.11.1-darwin-arm64/lib/node_modules/npm/bin/npm-cli.js
1 info using npm@10.2.4
2 info using node@v20.11.1
3 timing npm:load:whichnode Completed in 0ms
4 timing config:load:defaults Completed in 1ms
5 timing config:load:file:/Users/jradmin/Documents/Anti Gravity/CF-Command-Center/node-v20.11.1-darwin-arm64/lib/node_modules/npm/npmrc Completed in 0ms
6 timing config:load:builtin Completed in 0ms
7 timing config:load:cli Completed in 1ms
8 timing config:load:env Completed in 0ms
9 timing config:load:file:/Users/jradmin/Documents/Anti Gravity/CF-Command-Center/.npmrc Completed in 0ms
10 timing config:load:project Completed in 1ms
11 timing config:load:file:/Users/jradmin/.npmrc Completed in 0ms
12 timing config:load:user Completed in 1ms
13 timing config:load:file:/Users/jradmin/Documents/Anti Gravity/CF-Command-Center/node-v20.11.1-darwin-arm64/etc/npmrc Completed in 0ms
14 timing config:load:global Completed in 0ms
15 timing config:load:setEnvs Completed in 0ms
16 timing config:load Completed in 4ms
17 timing npm:load:configload Completed in 4ms
18 timing config:load:flatten Completed in 1ms
19 timing npm:load:mkdirpcache Completed in 0ms
20 timing npm:load:mkdirplogs Completed in 0ms
21 verbose title npm exec create-next-app@latest . --typescript --eslint --no-tailwind --app --src-dir --import-alias @/* --use-npm
22 verbose argv "exec" "--yes" "--" "create-next-app@latest" "." "--typescript" "--eslint" "--no-tailwind" "--app" "--src-dir" "--import-alias" "@/*" "--use-npm"
23 timing npm:load:setTitle Completed in 5ms
24 timing npm:load:display Completed in 0ms
25 verbose logfile logs-max:10 dir:/Users/jradmin/Documents/Anti Gravity/CF-Command-Center/.npm-cache/_logs/2026-02-25T13_10_29_792Z-
26 verbose logfile /Users/jradmin/Documents/Anti Gravity/CF-Command-Center/.npm-cache/_logs/2026-02-25T13_10_29_792Z-debug-0.log
27 timing npm:load:logFile Completed in 3ms
28 timing npm:load:timers Completed in 0ms
29 timing npm:load:configScope Completed in 0ms
30 timing npm:load Completed in 17ms
31 silly logfile done cleaning log files
32 timing arborist:ctor Completed in 0ms
33 http fetch GET 200 https://registry.npmjs.org/npm 307ms (cache miss)
34 http fetch GET 200 https://registry.npmjs.org/create-next-app 448ms (cache miss)
35 timing arborist:ctor Completed in 0ms
36 timing arborist:ctor Completed in 0ms
37 timing arborist:ctor Completed in 0ms
38 timing idealTree:init Completed in 1ms
39 timing idealTree:userRequests Completed in 0ms
40 silly idealTree buildDeps
41 silly fetch manifest create-next-app@16.1.6
42 http fetch GET 200 https://registry.npmjs.org/create-next-app 5ms (cache hit)
43 silly placeDep ROOT create-next-app@16.1.6 OK for:  want: 16.1.6
44 timing idealTree:#root Completed in 17ms
45 timing idealTree:node_modules/create-next-app Completed in 0ms
46 timing idealTree:buildDeps Completed in 17ms
47 timing idealTree:fixDepFlags Completed in 0ms
48 timing idealTree Completed in 18ms
49 timing reify:loadTrees Completed in 18ms
50 timing reify:diffTrees Completed in 1ms
51 silly reify moves {}
52 timing reify:retireShallow Completed in 0ms
53 timing reify:createSparse Completed in 0ms
54 timing reify:loadBundles Completed in 0ms
55 silly audit bulk request { 'create-next-app': [ '16.1.6' ] }
56 silly tarball no local data for create-next-app@https://registry.npmjs.org/create-next-app/-/create-next-app-16.1.6.tgz. Extracting by manifest.
57 http fetch GET 200 https://registry.npmjs.org/create-next-app/-/create-next-app-16.1.6.tgz 95ms (cache miss)
58 timing reifyNode:node_modules/create-next-app Completed in 97ms
59 timing reify:unpack Completed in 97ms
60 timing reify:unretire Completed in 0ms
61 timing build:queue Completed in 0ms
62 timing build:link:node_modules/create-next-app Completed in 1ms
63 timing build:link Completed in 1ms
64 timing build:deps Completed in 1ms
65 timing build Completed in 1ms
66 timing reify:build Completed in 1ms
67 timing reify:trash Completed in 0ms
68 timing reify:save Completed in 1ms
69 http fetch POST 200 https://registry.npmjs.org/-/npm/v1/security/advisories/bulk 253ms
70 timing auditReport:getReport Completed in 253ms
71 silly audit report {}
72 timing auditReport:init Completed in 0ms
73 timing reify:audit Completed in 253ms
74 timing reify Completed in 273ms
75 timing command:exec Completed in 995ms
76 notice
76 notice New [31mmajor[39m version of npm available! [31m10.2.4[39m -> [32m11.10.1[39m
76 notice Changelog: [36mhttps://github.com/npm/cli/releases/tag/v11.10.1[39m
76 notice Run [32mnpm install -g npm@11.10.1[39m to update!
76 notice
77 verbose exit 0
78 timing npm Completed in 1084ms
79 info ok
