0 verbose cli /Users/jradmin/Documents/Anti Gravity/CF-Command-Center/node-v20.11.1-darwin-arm64/bin/node /Users/jradmin/Documents/Anti Gravity/CF-Command-Center/node-v20.11.1-darwin-arm64/bin/npm
1 info using npm@10.2.4
2 info using node@v20.11.1
3 timing npm:load:whichnode Completed in 1ms
4 timing config:load:defaults Completed in 0ms
5 timing config:load:file:/Users/jradmin/Documents/Anti Gravity/CF-Command-Center/node-v20.11.1-darwin-arm64/lib/node_modules/npm/npmrc Completed in 1ms
6 timing config:load:builtin Completed in 1ms
7 timing config:load:cli Completed in 0ms
8 timing config:load:env Completed in 1ms
9 timing config:load:file:/Users/jradmin/Documents/Anti Gravity/CF-Command-Center/.npmrc Completed in 0ms
10 timing config:load:project Completed in 1ms
11 timing config:load:file:/Users/jradmin/.npmrc Completed in 0ms
12 timing config:load:user Completed in 0ms
13 timing config:load:file:/Users/jradmin/Documents/Anti Gravity/CF-Command-Center/node-v20.11.1-darwin-arm64/etc/npmrc Completed in 1ms
14 timing config:load:global Completed in 1ms
15 timing config:load:setEnvs Completed in 0ms
16 timing config:load Completed in 4ms
17 timing npm:load:configload Completed in 4ms
18 timing config:load:flatten Completed in 1ms
19 timing npm:load:mkdirpcache Completed in 0ms
20 timing npm:load:mkdirplogs Completed in 0ms
21 verbose title npm install google-spreadsheet google-auth-library
22 verbose argv "install" "google-spreadsheet" "google-auth-library"
23 timing npm:load:setTitle Completed in 4ms
24 timing npm:load:display Completed in 0ms
25 verbose logfile logs-max:10 dir:/Users/jradmin/Documents/Anti Gravity/CF-Command-Center/.npm-cache/_logs/2026-02-25T23_39_21_632Z-
26 verbose logfile /Users/jradmin/Documents/Anti Gravity/CF-Command-Center/.npm-cache/_logs/2026-02-25T23_39_21_632Z-debug-0.log
27 timing npm:load:logFile Completed in 3ms
28 timing npm:load:timers Completed in 0ms
29 timing npm:load:configScope Completed in 0ms
30 timing npm:load Completed in 18ms
31 timing arborist:ctor Completed in 0ms
32 silly logfile done cleaning log files
33 timing idealTree:init Completed in 49ms
34 timing idealTree:userRequests Completed in 1ms
35 silly idealTree buildDeps
36 silly fetch manifest google-spreadsheet@*
37 verbose shrinkwrap failed to load node_modules/.package-lock.json out of date, updated: node_modules
38 http fetch GET 200 https://registry.npmjs.org/google-spreadsheet 375ms (cache miss)
39 silly fetch manifest google-auth-library@*
40 http fetch GET 200 https://registry.npmjs.org/google-auth-library 99ms (cache miss)
41 silly placeDep ROOT google-auth-library@10.6.1 OK for: cf-command-center@0.1.0 want: *
42 silly fetch manifest base64-js@^1.3.0
43 silly fetch manifest ecdsa-sig-formatter@^1.0.11
44 silly fetch manifest gaxios@7.1.3
45 silly fetch manifest gcp-metadata@8.1.2
46 silly fetch manifest google-logging-utils@1.1.3
47 silly fetch manifest jws@^4.0.0
48 silly placeDep ROOT google-spreadsheet@5.2.0 OK for: cf-command-center@0.1.0 want: *
49 silly fetch manifest es-toolkit@^1.44.0
50 silly fetch manifest ky@^1.14.3
51 http fetch GET 200 https://registry.npmjs.org/base64-js 69ms (cache miss)
52 http fetch GET 200 https://registry.npmjs.org/jws 160ms (cache miss)
53 http fetch GET 200 https://registry.npmjs.org/es-toolkit 238ms (cache miss)
54 http fetch GET 200 https://registry.npmjs.org/ecdsa-sig-formatter 311ms (cache miss)
55 http fetch GET 200 https://registry.npmjs.org/google-logging-utils 314ms (cache miss)
56 http fetch GET 200 https://registry.npmjs.org/ky 324ms (cache miss)
57 http fetch GET 200 https://registry.npmjs.org/gcp-metadata 353ms (cache miss)
58 http fetch GET 200 https://registry.npmjs.org/gaxios 359ms (cache miss)
59 timing idealTree:#root Completed in 847ms
60 silly placeDep ROOT base64-js@1.5.1 OK for: google-auth-library@10.6.1 want: ^1.3.0
61 silly placeDep ROOT ecdsa-sig-formatter@1.0.11 OK for: google-auth-library@10.6.1 want: ^1.0.11
62 silly fetch manifest safe-buffer@^5.0.1
63 silly placeDep ROOT gaxios@7.1.3 OK for: google-auth-library@10.6.1 want: 7.1.3
64 silly fetch manifest extend@^3.0.2
65 silly fetch manifest https-proxy-agent@^7.0.1
66 silly fetch manifest node-fetch@^3.3.2
67 silly fetch manifest rimraf@^5.0.1
68 silly placeDep ROOT gcp-metadata@8.1.2 OK for: google-auth-library@10.6.1 want: 8.1.2
69 silly fetch manifest google-logging-utils@^1.0.0
70 silly fetch manifest json-bigint@^1.0.0
71 silly placeDep ROOT google-logging-utils@1.1.3 OK for: google-auth-library@10.6.1 want: 1.1.3
72 silly placeDep ROOT jws@4.0.1 OK for: google-auth-library@10.6.1 want: ^4.0.0
73 silly fetch manifest jwa@^2.0.1
74 http fetch GET 200 https://registry.npmjs.org/extend 54ms (cache miss)
75 http fetch GET 200 https://registry.npmjs.org/safe-buffer 57ms (cache miss)
76 http fetch GET 200 https://registry.npmjs.org/https-proxy-agent 68ms (cache miss)
77 http fetch GET 200 https://registry.npmjs.org/rimraf 67ms (cache miss)
78 http fetch GET 200 https://registry.npmjs.org/node-fetch 69ms (cache miss)
79 http fetch GET 200 https://registry.npmjs.org/json-bigint 215ms (cache miss)
80 http fetch GET 200 https://registry.npmjs.org/jwa 484ms (cache miss)
81 timing idealTree:node_modules/google-auth-library Completed in 491ms
82 timing idealTree:node_modules/base64-js Completed in 0ms
83 silly placeDep ROOT safe-buffer@5.2.1 OK for: ecdsa-sig-formatter@1.0.11 want: ^5.0.1
84 timing idealTree:node_modules/ecdsa-sig-formatter Completed in 2ms
85 silly placeDep ROOT extend@3.0.2 OK for: gaxios@7.1.3 want: ^3.0.2
86 silly placeDep ROOT https-proxy-agent@7.0.6 OK for: gaxios@7.1.3 want: ^7.0.1
87 silly fetch manifest agent-base@^7.1.2
88 silly placeDep ROOT node-fetch@3.3.2 OK for: gaxios@7.1.3 want: ^3.3.2
89 silly fetch manifest data-uri-to-buffer@^4.0.0
90 silly fetch manifest fetch-blob@^3.1.4
91 silly fetch manifest formdata-polyfill@^4.0.10
92 silly placeDep ROOT rimraf@5.0.10 OK for: gaxios@7.1.3 want: ^5.0.1
93 silly fetch manifest glob@^10.3.7
94 http fetch GET 200 https://registry.npmjs.org/agent-base 68ms (cache miss)
95 http fetch GET 200 https://registry.npmjs.org/glob 66ms (cache miss)
96 http fetch GET 200 https://registry.npmjs.org/data-uri-to-buffer 71ms (cache miss)
97 http fetch GET 200 https://registry.npmjs.org/fetch-blob 214ms (cache miss)
98 http fetch GET 200 https://registry.npmjs.org/formdata-polyfill 216ms (cache miss)
99 timing idealTree:node_modules/gaxios Completed in 221ms
100 timing idealTree:node_modules/extend Completed in 0ms
101 silly placeDep ROOT json-bigint@1.0.0 OK for: gcp-metadata@8.1.2 want: ^1.0.0
102 silly fetch manifest bignumber.js@^9.0.0
103 http fetch GET 200 https://registry.npmjs.org/bignumber.js 64ms (cache miss)
104 timing idealTree:node_modules/gcp-metadata Completed in 65ms
105 timing idealTree:node_modules/google-logging-utils Completed in 0ms
106 silly placeDep ROOT es-toolkit@1.44.0 OK for: google-spreadsheet@5.2.0 want: ^1.44.0
107 silly placeDep ROOT ky@1.14.3 OK for: google-spreadsheet@5.2.0 want: ^1.14.3
108 timing idealTree:node_modules/google-spreadsheet Completed in 1ms
109 timing idealTree:node_modules/es-toolkit Completed in 0ms
110 silly placeDep ROOT agent-base@7.1.4 OK for: https-proxy-agent@7.0.6 want: ^7.1.2
111 timing idealTree:node_modules/https-proxy-agent Completed in 0ms
112 timing idealTree:node_modules/agent-base Completed in 0ms
113 silly placeDep ROOT bignumber.js@9.3.1 OK for: json-bigint@1.0.0 want: ^9.0.0
114 timing idealTree:node_modules/json-bigint Completed in 1ms
115 timing idealTree:node_modules/bignumber.js Completed in 0ms
116 silly placeDep ROOT jwa@2.0.1 OK for: jws@4.0.1 want: ^2.0.1
117 silly fetch manifest buffer-equal-constant-time@^1.0.1
118 http fetch GET 200 https://registry.npmjs.org/buffer-equal-constant-time 205ms (cache miss)
119 timing idealTree:node_modules/jws Completed in 207ms
120 silly placeDep ROOT buffer-equal-constant-time@1.0.1 OK for: jwa@2.0.1 want: ^1.0.1
121 timing idealTree:node_modules/jwa Completed in 2ms
122 timing idealTree:node_modules/buffer-equal-constant-time Completed in 0ms
123 timing idealTree:node_modules/ky Completed in 0ms
124 silly placeDep ROOT data-uri-to-buffer@4.0.1 OK for: node-fetch@3.3.2 want: ^4.0.0
125 silly placeDep ROOT fetch-blob@3.2.0 OK for: node-fetch@3.3.2 want: ^3.1.4
126 silly fetch manifest node-domexception@^1.0.0
127 silly fetch manifest web-streams-polyfill@^3.0.3
128 silly placeDep ROOT formdata-polyfill@4.0.10 OK for: node-fetch@3.3.2 want: ^4.0.10
129 http fetch GET 200 https://registry.npmjs.org/node-domexception 215ms (cache miss)
130 http fetch GET 200 https://registry.npmjs.org/web-streams-polyfill 267ms (cache miss)
131 timing idealTree:node_modules/node-fetch Completed in 271ms
132 timing idealTree:node_modules/data-uri-to-buffer Completed in 0ms
133 silly placeDep ROOT node-domexception@1.0.0 OK for: fetch-blob@3.2.0 want: ^1.0.0
134 silly placeDep ROOT web-streams-polyfill@3.3.3 OK for: fetch-blob@3.2.0 want: ^3.0.3
135 timing idealTree:node_modules/fetch-blob Completed in 1ms
136 timing idealTree:node_modules/formdata-polyfill Completed in 0ms
137 timing idealTree:node_modules/node-domexception Completed in 0ms
138 silly placeDep ROOT glob@10.5.0 OK for: rimraf@5.0.10 want: ^10.3.7
139 silly fetch manifest minipass@^7.1.2
140 silly fetch manifest jackspeak@^3.1.2
141 silly fetch manifest minimatch@^9.0.4
142 silly fetch manifest path-scurry@^1.11.1
143 silly fetch manifest foreground-child@^3.1.0
144 silly fetch manifest package-json-from-dist@^1.0.0
145 http fetch GET 200 https://registry.npmjs.org/package-json-from-dist 59ms (cache miss)
146 http fetch GET 200 https://registry.npmjs.org/minipass 79ms (cache miss)
147 http fetch GET 200 https://registry.npmjs.org/foreground-child 79ms (cache miss)
148 http fetch GET 200 https://registry.npmjs.org/jackspeak 80ms (cache miss)
149 http fetch GET 200 https://registry.npmjs.org/minimatch 146ms (cache updated)
150 http fetch GET 200 https://registry.npmjs.org/path-scurry 244ms (cache miss)
151 timing idealTree:node_modules/rimraf Completed in 247ms
152 silly placeDep ROOT foreground-child@3.3.1 OK for: glob@10.5.0 want: ^3.1.0
153 silly fetch manifest signal-exit@^4.0.1
154 silly placeDep ROOT jackspeak@3.4.3 OK for: glob@10.5.0 want: ^3.1.2
155 silly fetch manifest @isaacs/cliui@^8.0.2
156 silly fetch manifest @pkgjs/parseargs@^0.11.0
157 silly placeDep node_modules/glob minimatch@9.0.8 OK for: glob@10.5.0 want: ^9.0.4
158 silly fetch manifest brace-expansion@^5.0.2
159 silly placeDep ROOT minipass@7.1.3 OK for: glob@10.5.0 want: ^7.1.2
160 silly placeDep ROOT package-json-from-dist@1.0.1 OK for: glob@10.5.0 want: ^1.0.0
161 silly placeDep ROOT path-scurry@1.11.1 OK for: glob@10.5.0 want: ^1.11.1
162 silly fetch manifest lru-cache@^10.2.0
163 http fetch GET 200 https://registry.npmjs.org/signal-exit 66ms (cache miss)
164 http fetch GET 200 https://registry.npmjs.org/@isaacs%2fcliui 66ms (cache miss)
165 http fetch GET 200 https://registry.npmjs.org/brace-expansion 71ms (cache revalidated)
166 http fetch GET 200 https://registry.npmjs.org/lru-cache 107ms (cache revalidated)
167 http fetch GET 200 https://registry.npmjs.org/@pkgjs%2fparseargs 1151ms (cache miss)
168 timing idealTree:node_modules/glob Completed in 1154ms
169 silly placeDep ROOT signal-exit@4.1.0 OK for: foreground-child@3.3.1 want: ^4.0.1
170 timing idealTree:node_modules/foreground-child Completed in 2ms
171 silly placeDep ROOT @isaacs/cliui@8.0.2 OK for: jackspeak@3.4.3 want: ^8.0.2
172 silly fetch manifest wrap-ansi@^8.1.0
173 silly fetch manifest strip-ansi@^7.0.1
174 silly fetch manifest string-width@^5.1.2
175 silly fetch manifest wrap-ansi-cjs@npm:wrap-ansi@^7.0.0
176 silly fetch manifest strip-ansi-cjs@npm:strip-ansi@^6.0.1
177 silly fetch manifest string-width-cjs@npm:string-width@^4.2.0
178 silly placeDep ROOT @pkgjs/parseargs@0.11.0 OK for: jackspeak@3.4.3 want: ^0.11.0
179 http fetch GET 200 https://registry.npmjs.org/string-width 66ms (cache miss)
180 http fetch GET 200 https://registry.npmjs.org/string-width 68ms (cache miss)
181 http fetch GET 200 https://registry.npmjs.org/wrap-ansi 70ms (cache miss)
182 http fetch GET 200 https://registry.npmjs.org/strip-ansi 71ms (cache miss)
183 http fetch GET 200 https://registry.npmjs.org/wrap-ansi 72ms (cache miss)
184 http fetch GET 200 https://registry.npmjs.org/strip-ansi 74ms (cache miss)
185 timing idealTree:node_modules/jackspeak Completed in 79ms
186 silly placeDep ROOT string-width@5.1.2 OK for: @isaacs/cliui@8.0.2 want: ^5.1.2
187 silly fetch manifest eastasianwidth@^0.2.0
188 silly placeDep ROOT string-width-cjs@4.2.3 OK for: @isaacs/cliui@8.0.2 want: npm:string-width@^4.2.0
189 silly fetch manifest strip-ansi@^6.0.1
190 silly fetch manifest emoji-regex@^8.0.0
191 silly fetch manifest is-fullwidth-code-point@^3.0.0
192 silly placeDep ROOT strip-ansi@7.1.2 OK for: @isaacs/cliui@8.0.2 want: ^7.0.1
193 silly fetch manifest ansi-regex@^6.0.1
194 silly placeDep ROOT strip-ansi-cjs@6.0.1 OK for: @isaacs/cliui@8.0.2 want: npm:strip-ansi@^6.0.1
195 silly fetch manifest ansi-regex@^5.0.1
196 silly placeDep ROOT wrap-ansi@8.1.0 OK for: @isaacs/cliui@8.0.2 want: ^8.1.0
197 silly fetch manifest ansi-styles@^6.1.0
198 silly placeDep ROOT wrap-ansi-cjs@7.0.0 OK for: @isaacs/cliui@8.0.2 want: npm:wrap-ansi@^7.0.0
199 silly fetch manifest strip-ansi@^6.0.0
200 silly fetch manifest string-width@^4.1.0
201 http fetch GET 200 https://registry.npmjs.org/ansi-regex 61ms (cache miss)
202 http fetch GET 200 https://registry.npmjs.org/eastasianwidth 66ms (cache miss)
203 http fetch GET 200 https://registry.npmjs.org/ansi-regex 66ms (cache miss)
204 http fetch GET 200 https://registry.npmjs.org/ansi-styles 73ms (cache revalidated)
205 http fetch GET 200 https://registry.npmjs.org/emoji-regex 207ms (cache revalidated)
206 http fetch GET 200 https://registry.npmjs.org/is-fullwidth-code-point 231ms (cache miss)
207 timing idealTree:node_modules/@isaacs/cliui Completed in 234ms
208 timing idealTree:node_modules/@pkgjs/parseargs Completed in 1ms
209 timing idealTree:node_modules/minipass Completed in 0ms
210 timing idealTree:node_modules/package-json-from-dist Completed in 0ms
211 silly placeDep node_modules/path-scurry lru-cache@10.4.3 OK for: path-scurry@1.11.1 want: ^10.2.0
212 timing idealTree:node_modules/path-scurry Completed in 1ms
213 timing idealTree:node_modules/safe-buffer Completed in 0ms
214 timing idealTree:node_modules/signal-exit Completed in 0ms
215 silly placeDep ROOT eastasianwidth@0.2.0 OK for: string-width@5.1.2 want: ^0.2.0
216 timing idealTree:node_modules/string-width Completed in 1ms
217 timing idealTree:node_modules/eastasianwidth Completed in 0ms
218 silly placeDep node_modules/string-width-cjs emoji-regex@8.0.0 OK for: string-width@4.2.3 want: ^8.0.0
219 silly placeDep ROOT is-fullwidth-code-point@3.0.0 OK for: string-width@4.2.3 want: ^3.0.0
220 silly placeDep node_modules/string-width-cjs strip-ansi@6.0.1 OK for: string-width@4.2.3 want: ^6.0.1
221 timing idealTree:node_modules/string-width-cjs Completed in 3ms
222 timing idealTree:node_modules/is-fullwidth-code-point Completed in 0ms
223 silly placeDep ROOT ansi-regex@6.2.2 OK for: strip-ansi@7.1.2 want: ^6.0.1
224 timing idealTree:node_modules/strip-ansi Completed in 1ms
225 timing idealTree:node_modules/ansi-regex Completed in 0ms
226 silly placeDep node_modules/strip-ansi-cjs ansi-regex@5.0.1 OK for: strip-ansi@6.0.1 want: ^5.0.1
227 timing idealTree:node_modules/strip-ansi-cjs Completed in 1ms
228 timing idealTree:node_modules/web-streams-polyfill Completed in 0ms
229 silly placeDep node_modules/wrap-ansi ansi-styles@6.2.3 OK for: wrap-ansi@8.1.0 want: ^6.1.0
230 timing idealTree:node_modules/wrap-ansi Completed in 1ms
231 silly placeDep node_modules/wrap-ansi-cjs string-width@4.2.3 OK for: wrap-ansi@7.0.0 want: ^4.1.0
232 silly placeDep node_modules/wrap-ansi-cjs strip-ansi@6.0.1 OK for: wrap-ansi@7.0.0 want: ^6.0.0
233 timing idealTree:node_modules/wrap-ansi-cjs Completed in 2ms
234 silly placeDep node_modules/glob brace-expansion@5.0.3 OK for: minimatch@9.0.8 want: ^5.0.2
235 silly fetch manifest balanced-match@^4.0.2
236 http fetch GET 200 https://registry.npmjs.org/balanced-match 57ms (cache revalidated)
237 timing idealTree:node_modules/glob/node_modules/minimatch Completed in 60ms
238 silly placeDep node_modules/glob balanced-match@4.0.4 OK for: brace-expansion@5.0.3 want: ^4.0.2
239 timing idealTree:node_modules/glob/node_modules/brace-expansion Completed in 1ms
240 timing idealTree:node_modules/glob/node_modules/balanced-match Completed in 0ms
241 timing idealTree:node_modules/path-scurry/node_modules/lru-cache Completed in 0ms
242 timing idealTree:node_modules/string-width-cjs/node_modules/emoji-regex Completed in 0ms
243 silly placeDep node_modules/string-width-cjs ansi-regex@5.0.1 OK for: strip-ansi@6.0.1 want: ^5.0.1
244 timing idealTree:node_modules/string-width-cjs/node_modules/strip-ansi Completed in 1ms
245 timing idealTree:node_modules/string-width-cjs/node_modules/ansi-regex Completed in 0ms
246 timing idealTree:node_modules/strip-ansi-cjs/node_modules/ansi-regex Completed in 0ms
247 silly placeDep node_modules/wrap-ansi-cjs emoji-regex@8.0.0 OK for: string-width@4.2.3 want: ^8.0.0
248 timing idealTree:node_modules/wrap-ansi-cjs/node_modules/string-width Completed in 1ms
249 timing idealTree:node_modules/wrap-ansi-cjs/node_modules/emoji-regex Completed in 0ms
250 silly placeDep node_modules/wrap-ansi-cjs ansi-regex@5.0.1 OK for: strip-ansi@6.0.1 want: ^5.0.1
251 timing idealTree:node_modules/wrap-ansi-cjs/node_modules/strip-ansi Completed in 0ms
252 timing idealTree:node_modules/wrap-ansi-cjs/node_modules/ansi-regex Completed in 0ms
253 timing idealTree:node_modules/wrap-ansi/node_modules/ansi-styles Completed in 0ms
254 timing idealTree:buildDeps Completed in 3901ms
255 timing idealTree:fixDepFlags Completed in 3ms
256 warn EBADENGINE Unsupported engine {
256 warn EBADENGINE   package: 'eslint-visitor-keys@5.0.1',
256 warn EBADENGINE   required: { node: '^20.19.0 || ^22.13.0 || >=24' },
256 warn EBADENGINE   current: { node: 'v20.11.1', npm: '10.2.4' }
256 warn EBADENGINE }
257 timing idealTree Completed in 3958ms
258 timing reify:loadTrees Completed in 3958ms
259 timing reify:diffTrees Completed in 5ms
260 silly reify moves {}
261 timing reify:retireShallow Completed in 0ms
262 timing reify:createSparse Completed in 4ms
263 timing reify:loadBundles Completed in 0ms
264 silly audit bulk request {
264 silly audit   '@babel/code-frame': [ '7.29.0' ],
264 silly audit   '@babel/compat-data': [ '7.29.0' ],
264 silly audit   '@babel/core': [ '7.29.0' ],
264 silly audit   '@babel/generator': [ '7.29.1' ],
264 silly audit   '@babel/helper-compilation-targets': [ '7.28.6' ],
264 silly audit   '@babel/helper-globals': [ '7.28.0' ],
264 silly audit   '@babel/helper-module-imports': [ '7.28.6' ],
264 silly audit   '@babel/helper-module-transforms': [ '7.28.6' ],
264 silly audit   '@babel/helper-string-parser': [ '7.27.1' ],
264 silly audit   '@babel/helper-validator-identifier': [ '7.28.5' ],
264 silly audit   '@babel/helper-validator-option': [ '7.27.1' ],
264 silly audit   '@babel/helpers': [ '7.28.6' ],
264 silly audit   '@babel/parser': [ '7.29.0' ],
264 silly audit   '@babel/template': [ '7.28.6' ],
264 silly audit   '@babel/traverse': [ '7.29.0' ],
264 silly audit   '@babel/types': [ '7.29.0' ],
264 silly audit   '@emnapi/core': [ '1.8.1' ],
264 silly audit   '@emnapi/runtime': [ '1.8.1' ],
264 silly audit   '@emnapi/wasi-threads': [ '1.1.0' ],
264 silly audit   '@eslint-community/eslint-utils': [ '4.9.1' ],
264 silly audit   'eslint-visitor-keys': [ '3.4.3', '5.0.1', '4.2.1' ],
264 silly audit   '@eslint-community/regexpp': [ '4.12.2' ],
264 silly audit   '@eslint/config-array': [ '0.21.1' ],
264 silly audit   '@eslint/config-helpers': [ '0.4.2' ],
264 silly audit   '@eslint/core': [ '0.17.0' ],
264 silly audit   '@eslint/eslintrc': [ '3.3.4' ],
264 silly audit   '@eslint/js': [ '9.39.3' ],
264 silly audit   '@eslint/object-schema': [ '2.1.7' ],
264 silly audit   '@eslint/plugin-kit': [ '0.4.1' ],
264 silly audit   '@humanfs/core': [ '0.19.1' ],
264 silly audit   '@humanfs/node': [ '0.16.7' ],
264 silly audit   '@humanwhocodes/module-importer': [ '1.0.1' ],
264 silly audit   '@humanwhocodes/retry': [ '0.4.3' ],
264 silly audit   '@img/colour': [ '1.0.0' ],
264 silly audit   '@img/sharp-darwin-arm64': [ '0.34.5' ],
264 silly audit   '@img/sharp-darwin-x64': [ '0.34.5' ],
264 silly audit   '@img/sharp-libvips-darwin-arm64': [ '1.2.4' ],
264 silly audit   '@img/sharp-libvips-darwin-x64': [ '1.2.4' ],
264 silly audit   '@img/sharp-libvips-linux-arm': [ '1.2.4' ],
264 silly audit   '@img/sharp-libvips-linux-arm64': [ '1.2.4' ],
264 silly audit   '@img/sharp-libvips-linux-ppc64': [ '1.2.4' ],
264 silly audit   '@img/sharp-libvips-linux-riscv64': [ '1.2.4' ],
264 silly audit   '@img/sharp-libvips-linux-s390x': [ '1.2.4' ],
264 silly audit   '@img/sharp-libvips-linux-x64': [ '1.2.4' ],
264 silly audit   '@img/sharp-libvips-linuxmusl-arm64': [ '1.2.4' ],
264 silly audit   '@img/sharp-libvips-linuxmusl-x64': [ '1.2.4' ],
264 silly audit   '@img/sharp-linux-arm': [ '0.34.5' ],
264 silly audit   '@img/sharp-linux-arm64': [ '0.34.5' ],
264 silly audit   '@img/sharp-linux-ppc64': [ '0.34.5' ],
264 silly audit   '@img/sharp-linux-riscv64': [ '0.34.5' ],
264 silly audit   '@img/sharp-linux-s390x': [ '0.34.5' ],
264 silly audit   '@img/sharp-linux-x64': [ '0.34.5' ],
264 silly audit   '@img/sharp-linuxmusl-arm64': [ '0.34.5' ],
264 silly audit   '@img/sharp-linuxmusl-x64': [ '0.34.5' ],
264 silly audit   '@img/sharp-wasm32': [ '0.34.5' ],
264 silly audit   '@img/sharp-win32-arm64': [ '0.34.5' ],
264 silly audit   '@img/sharp-win32-ia32': [ '0.34.5' ],
264 silly audit   '@img/sharp-win32-x64': [ '0.34.5' ],
264 silly audit   '@jridgewell/gen-mapping': [ '0.3.13' ],
264 silly audit   '@jridgewell/remapping': [ '2.3.5' ],
264 silly audit   '@jridgewell/resolve-uri': [ '3.1.2' ],
264 silly audit   '@jridgewell/sourcemap-codec': [ '1.5.5' ],
264 silly audit   '@jridgewell/trace-mapping': [ '0.3.31' ],
264 silly audit   '@napi-rs/wasm-runtime': [ '0.2.12' ],
264 silly audit   '@next/env': [ '16.1.6' ],
264 silly audit   '@next/eslint-plugin-next': [ '16.1.6' ],
264 silly audit   '@next/swc-darwin-arm64': [ '16.1.6' ],
264 silly audit   '@next/swc-darwin-x64': [ '16.1.6' ],
264 silly audit   '@next/swc-linux-arm64-gnu': [ '16.1.6' ],
264 silly audit   '@next/swc-linux-arm64-musl': [ '16.1.6' ],
264 silly audit   '@next/swc-linux-x64-gnu': [ '16.1.6' ],
264 silly audit   '@next/swc-linux-x64-musl': [ '16.1.6' ],
264 silly audit   '@next/swc-win32-arm64-msvc': [ '16.1.6' ],
264 silly audit   '@next/swc-win32-x64-msvc': [ '16.1.6' ],
264 silly audit   '@nodelib/fs.scandir': [ '2.1.5' ],
264 silly audit   '@nodelib/fs.stat': [ '2.0.5' ],
264 silly audit   '@nodelib/fs.walk': [ '1.2.8' ],
264 silly audit   '@nolyfill/is-core-module': [ '1.0.39' ],
264 silly audit   '@rtsao/scc': [ '1.1.0' ],
264 silly audit   '@swc/helpers': [ '0.5.15' ],
264 silly audit   '@tybys/wasm-util': [ '0.10.1' ],
264 silly audit   '@types/estree': [ '1.0.8' ],
264 silly audit   '@types/json-schema': [ '7.0.15' ],
264 silly audit   '@types/json5': [ '0.0.29' ],
264 silly audit   '@types/node': [ '20.19.33' ],
264 silly audit   '@types/react': [ '19.2.14' ],
264 silly audit   '@types/react-dom': [ '19.2.3' ],
264 silly audit   '@typescript-eslint/eslint-plugin': [ '8.56.1' ],
264 silly audit   ignore: [ '7.0.5', '5.3.2' ],
264 silly audit   '@typescript-eslint/parser': [ '8.56.1' ],
264 silly audit   '@typescript-eslint/project-service': [ '8.56.1' ],
264 silly audit   '@typescript-eslint/scope-manager': [ '8.56.1' ],
264 silly audit   '@typescript-eslint/tsconfig-utils': [ '8.56.1' ],
264 silly audit   '@typescript-eslint/type-utils': [ '8.56.1' ],
264 silly audit   '@typescript-eslint/types': [ '8.56.1' ],
264 silly audit   '@typescript-eslint/typescript-estree': [ '8.56.1' ],
264 silly audit   'balanced-match': [ '4.0.4', '1.0.2' ],
264 silly audit   'brace-expansion': [ '5.0.3', '1.1.12' ],
264 silly audit   minimatch: [ '10.2.3', '3.1.4', '9.0.8' ],
264 silly audit   semver: [ '7.7.4', '6.3.1' ],
264 silly audit   '@typescript-eslint/utils': [ '8.56.1' ],
264 silly audit   '@typescript-eslint/visitor-keys': [ '8.56.1' ],
264 silly audit   '@unrs/resolver-binding-android-arm-eabi': [ '1.11.1' ],
264 silly audit   '@unrs/resolver-binding-android-arm64': [ '1.11.1' ],
264 silly audit   '@unrs/resolver-binding-darwin-arm64': [ '1.11.1' ],
264 silly audit   '@unrs/resolver-binding-darwin-x64': [ '1.11.1' ],
264 silly audit   '@unrs/resolver-binding-freebsd-x64': [ '1.11.1' ],
264 silly audit   '@unrs/resolver-binding-linux-arm-gnueabihf': [ '1.11.1' ],
264 silly audit   '@unrs/resolver-binding-linux-arm-musleabihf': [ '1.11.1' ],
264 silly audit   '@unrs/resolver-binding-linux-arm64-gnu': [ '1.11.1' ],
264 silly audit   '@unrs/resolver-binding-linux-arm64-musl': [ '1.11.1' ],
264 silly audit   '@unrs/resolver-binding-linux-ppc64-gnu': [ '1.11.1' ],
264 silly audit   '@unrs/resolver-binding-linux-riscv64-gnu': [ '1.11.1' ],
264 silly audit   '@unrs/resolver-binding-linux-riscv64-musl': [ '1.11.1' ],
264 silly audit   '@unrs/resolver-binding-linux-s390x-gnu': [ '1.11.1' ],
264 silly audit   '@unrs/resolver-binding-linux-x64-gnu': [ '1.11.1' ],
264 silly audit   '@unrs/resolver-binding-linux-x64-musl': [ '1.11.1' ],
264 silly audit   '@unrs/resolver-binding-wasm32-wasi': [ '1.11.1' ],
264 silly audit   '@unrs/resolver-binding-win32-arm64-msvc': [ '1.11.1' ],
264 silly audit   '@unrs/resolver-binding-win32-ia32-msvc': [ '1.11.1' ],
264 silly audit   '@unrs/resolver-binding-win32-x64-msvc': [ '1.11.1' ],
264 silly audit   acorn: [ '8.16.0' ],
264 silly audit   'acorn-jsx': [ '5.3.2' ],
264 silly audit   ajv: [ '6.14.0' ],
264 silly audit   'ansi-styles': [ '4.3.0', '6.2.3' ],
264 silly audit   argparse: [ '2.0.1' ],
264 silly audit   'aria-query': [ '5.3.2' ],
264 silly audit   'array-buffer-byte-length': [ '1.0.2' ],
264 silly audit   'array-includes': [ '3.1.9' ],
264 silly audit   'array.prototype.findlast': [ '1.2.5' ],
264 silly audit   'array.prototype.findlastindex': [ '1.2.6' ],
264 silly audit   'array.prototype.flat': [ '1.3.3' ],
264 silly audit   'array.prototype.flatmap': [ '1.3.3' ],
264 silly audit   'array.prototype.tosorted': [ '1.1.4' ],
264 silly audit   'arraybuffer.prototype.slice': [ '1.0.4' ],
264 silly audit   'ast-types-flow': [ '0.0.8' ],
264 silly audit   'async-function': [ '1.0.0' ],
264 silly audit   'available-typed-arrays': [ '1.0.7' ],
264 silly audit   'axe-core': [ '4.11.1' ],
264 silly audit   'axobject-query': [ '4.1.0' ],
264 silly audit   'baseline-browser-mapping': [ '2.10.0' ],
264 silly audit   braces: [ '3.0.3' ],
264 silly audit   browserslist: [ '4.28.1' ],
264 silly audit   'call-bind': [ '1.0.8' ],
264 silly audit   'call-bind-apply-helpers': [ '1.0.2' ],
264 silly audit   'call-bound': [ '1.0.4' ],
264 silly audit   callsites: [ '3.1.0' ],
264 silly audit   'caniuse-lite': [ '1.0.30001774' ],
264 silly audit   chalk: [ '4.1.2' ],
264 silly audit   'client-only': [ '0.0.1' ],
264 silly audit   'color-convert': [ '2.0.1' ],
264 silly audit   'color-name': [ '1.1.4' ],
264 silly audit   'concat-map': [ '0.0.1' ],
264 silly audit   'convert-source-map': [ '2.0.0' ],
264 silly audit   'cross-spawn': [ '7.0.6' ],
264 silly audit   csstype: [ '3.2.3' ],
264 silly audit   'damerau-levenshtein': [ '1.0.8' ],
264 silly audit   'data-view-buffer': [ '1.0.2' ],
264 silly audit   'data-view-byte-length': [ '1.0.2' ],
264 silly audit   'data-view-byte-offset': [ '1.0.1' ],
264 silly audit   debug: [ '4.4.3', '3.2.7' ],
264 silly audit   'deep-is': [ '0.1.4' ],
264 silly audit   'define-data-property': [ '1.1.4' ],
264 silly audit   'define-properties': [ '1.2.1' ],
264 silly audit   'detect-libc': [ '2.1.2' ],
264 silly audit   doctrine: [ '2.1.0' ],
264 silly audit   'dunder-proto': [ '1.0.1' ],
264 silly audit   'electron-to-chromium': [ '1.5.302' ],
264 silly audit   'emoji-regex': [ '9.2.2', '8.0.0' ],
264 silly audit   'es-abstract': [ '1.24.1' ],
264 silly audit   'es-define-property': [ '1.0.1' ],
264 silly audit   'es-errors': [ '1.3.0' ],
264 silly audit   'es-iterator-helpers': [ '1.2.2' ],
264 silly audit   'es-object-atoms': [ '1.1.1' ],
264 silly audit   'es-set-tostringtag': [ '2.1.0' ],
264 silly audit   'es-shim-unscopables': [ '1.1.0' ],
264 silly audit   'es-to-primitive': [ '1.3.0' ],
264 silly audit   escalade: [ '3.2.0' ],
264 silly audit   'escape-string-regexp': [ '4.0.0' ],
264 silly audit   eslint: [ '9.39.3' ],
264 silly audit   'eslint-config-next': [ '16.1.6' ],
264 silly audit   globals: [ '16.4.0', '14.0.0' ],
264 silly audit   'eslint-import-resolver-node': [ '0.3.9' ],
264 silly audit   'eslint-import-resolver-typescript': [ '3.10.1' ],
264 silly audit   'eslint-module-utils': [ '2.12.1' ],
264 silly audit   'eslint-plugin-import': [ '2.32.0' ],
264 silly audit   'eslint-plugin-jsx-a11y': [ '6.10.2' ],
264 silly audit   'eslint-plugin-react': [ '7.37.5' ],
264 silly audit   'eslint-plugin-react-hooks': [ '7.0.1' ],
264 silly audit   resolve: [ '2.0.0-next.6', '1.22.11' ],
264 silly audit   'eslint-scope': [ '8.4.0' ],
264 silly audit   espree: [ '10.4.0' ],
264 silly audit   esquery: [ '1.7.0' ],
264 silly audit   esrecurse: [ '4.3.0' ],
264 silly audit   estraverse: [ '5.3.0' ],
264 silly audit   esutils: [ '2.0.3' ],
264 silly audit   'fast-deep-equal': [ '3.1.3' ],
264 silly audit   'fast-glob': [ '3.3.1' ],
264 silly audit   'glob-parent': [ '5.1.2', '6.0.2' ],
264 silly audit   'fast-json-stable-stringify': [ '2.1.0' ],
264 silly audit   'fast-levenshtein': [ '2.0.6' ],
264 silly audit   fastq: [ '1.20.1' ],
264 silly audit   'file-entry-cache': [ '8.0.0' ],
264 silly audit   'fill-range': [ '7.1.1' ],
264 silly audit   'find-up': [ '5.0.0' ],
264 silly audit   'flat-cache': [ '4.0.1' ],
264 silly audit   flatted: [ '3.3.3' ],
264 silly audit   'for-each': [ '0.3.5' ],
264 silly audit   'function-bind': [ '1.1.2' ],
264 silly audit   'function.prototype.name': [ '1.1.8' ],
264 silly audit   'functions-have-names': [ '1.2.3' ],
264 silly audit   'generator-function': [ '2.0.1' ],
264 silly audit   gensync: [ '1.0.0-beta.2' ],
264 silly audit   'get-intrinsic': [ '1.3.0' ],
264 silly audit   'get-proto': [ '1.0.1' ],
264 silly audit   'get-symbol-description': [ '1.1.0' ],
264 silly audit   'get-tsconfig': [ '4.13.6' ],
264 silly audit   globalthis: [ '1.0.4' ],
264 silly audit   gopd: [ '1.2.0' ],
264 silly audit   'has-bigints': [ '1.1.0' ],
264 silly audit   'has-flag': [ '4.0.0' ],
264 silly audit   'has-property-descriptors': [ '1.0.2' ],
264 silly audit   'has-proto': [ '1.2.0' ],
264 silly audit   'has-symbols': [ '1.1.0' ],
264 silly audit   'has-tostringtag': [ '1.0.2' ],
264 silly audit   hasown: [ '2.0.2' ],
264 silly audit   'hermes-estree': [ '0.25.1' ],
264 silly audit   'hermes-parser': [ '0.25.1' ],
264 silly audit   'import-fresh': [ '3.3.1' ],
264 silly audit   imurmurhash: [ '0.1.4' ],
264 silly audit   'internal-slot': [ '1.1.0' ],
264 silly audit   'is-array-buffer': [ '3.0.5' ],
264 silly audit   'is-async-function': [ '2.1.1' ],
264 silly audit   'is-bigint': [ '1.1.0' ],
264 silly audit   'is-boolean-object': [ '1.2.2' ],
264 silly audit   'is-bun-module': [ '2.0.0' ],
264 silly audit   'is-callable': [ '1.2.7' ],
264 silly audit   'is-core-module': [ '2.16.1' ],
264 silly audit   'is-data-view': [ '1.0.2' ],
264 silly audit   'is-date-object': [ '1.1.0' ],
264 silly audit   'is-extglob': [ '2.1.1' ],
264 silly audit   'is-finalizationregistry': [ '1.1.1' ],
264 silly audit   'is-generator-function': [ '1.1.2' ],
264 silly audit   'is-glob': [ '4.0.3' ],
264 silly audit   'is-map': [ '2.0.3' ],
264 silly audit   'is-negative-zero': [ '2.0.3' ],
264 silly audit   'is-number': [ '7.0.0' ],
264 silly audit   'is-number-object': [ '1.1.1' ],
264 silly audit   'is-regex': [ '1.2.1' ],
264 silly audit   'is-set': [ '2.0.3' ],
264 silly audit   'is-shared-array-buffer': [ '1.0.4' ],
264 silly audit   'is-string': [ '1.1.1' ],
264 silly audit   'is-symbol': [ '1.1.1' ],
264 silly audit   'is-typed-array': [ '1.1.15' ],
264 silly audit   'is-weakmap': [ '2.0.2' ],
264 silly audit   'is-weakref': [ '1.1.1' ],
264 silly audit   'is-weakset': [ '2.0.4' ],
264 silly audit   isarray: [ '2.0.5' ],
264 silly audit   isexe: [ '2.0.0' ],
264 silly audit   'iterator.prototype': [ '1.1.5' ],
264 silly audit   'js-tokens': [ '4.0.0' ],
264 silly audit   'js-yaml': [ '4.1.1' ],
264 silly audit   jsesc: [ '3.1.0' ],
264 silly audit   'json-buffer': [ '3.0.1' ],
264 silly audit   'json-schema-traverse': [ '0.4.1' ],
264 silly audit   'json-stable-stringify-without-jsonify': [ '1.0.1' ],
264 silly audit   json5: [ '2.2.3', '1.0.2' ],
264 silly audit   'jsx-ast-utils': [ '3.3.5' ],
264 silly audit   keyv: [ '4.5.4' ],
264 silly audit   'language-subtag-registry': [ '0.3.23' ],
264 silly audit   'language-tags': [ '1.0.9' ],
264 silly audit   levn: [ '0.4.1' ],
264 silly audit   'locate-path': [ '6.0.0' ],
264 silly audit   'lodash.merge': [ '4.6.2' ],
264 silly audit   'loose-envify': [ '1.4.0' ],
264 silly audit   'lru-cache': [ '5.1.1', '10.4.3' ],
264 silly audit   'math-intrinsics': [ '1.1.0' ],
264 silly audit   merge2: [ '1.4.1' ],
264 silly audit   micromatch: [ '4.0.8' ],
264 silly audit   minimist: [ '1.2.8' ],
264 silly audit   ms: [ '2.1.3' ],
264 silly audit   nanoid: [ '3.3.11' ],
264 silly audit   'napi-postinstall': [ '0.3.4' ],
264 silly audit   'natural-compare': [ '1.4.0' ],
264 silly audit   next: [ '16.1.6' ],
264 silly audit   'node-exports-info': [ '1.6.0' ],
264 silly audit   'node-releases': [ '2.0.27' ],
264 silly audit   'object-assign': [ '4.1.1' ],
264 silly audit   'object-inspect': [ '1.13.4' ],
264 silly audit   'object-keys': [ '1.1.1' ],
264 silly audit   'object.assign': [ '4.1.7' ],
264 silly audit   'object.entries': [ '1.1.9' ],
264 silly audit   'object.fromentries': [ '2.0.8' ],
264 silly audit   'object.groupby': [ '1.0.3' ],
264 silly audit   'object.values': [ '1.2.1' ],
264 silly audit   optionator: [ '0.9.4' ],
264 silly audit   'own-keys': [ '1.0.1' ],
264 silly audit   'p-limit': [ '3.1.0' ],
264 silly audit   'p-locate': [ '5.0.0' ],
264 silly audit   'parent-module': [ '1.0.1' ],
264 silly audit   'path-exists': [ '4.0.0' ],
264 silly audit   'path-key': [ '3.1.1' ],
264 silly audit   'path-parse': [ '1.0.7' ],
264 silly audit   picocolors: [ '1.1.1' ],
264 silly audit   picomatch: [ '2.3.1', '4.0.3' ],
264 silly audit   'possible-typed-array-names': [ '1.1.0' ],
264 silly audit   postcss: [ '8.4.31' ],
264 silly audit   'prelude-ls': [ '1.2.1' ],
264 silly audit   'prop-types': [ '15.8.1' ],
264 silly audit   punycode: [ '2.3.1' ],
264 silly audit   'queue-microtask': [ '1.2.3' ],
264 silly audit   react: [ '19.2.3' ],
264 silly audit   'react-dom': [ '19.2.3' ],
264 silly audit   'react-is': [ '16.13.1' ],
264 silly audit   'reflect.getprototypeof': [ '1.0.10' ],
264 silly audit   'regexp.prototype.flags': [ '1.5.4' ],
264 silly audit   'resolve-from': [ '4.0.0' ],
264 silly audit   'resolve-pkg-maps': [ '1.0.0' ],
264 silly audit   reusify: [ '1.1.0' ],
264 silly audit   'run-parallel': [ '1.2.0' ],
264 silly audit   'safe-array-concat': [ '1.1.3' ],
264 silly audit   'safe-push-apply': [ '1.0.0' ],
264 silly audit   'safe-regex-test': [ '1.1.0' ],
264 silly audit   scheduler: [ '0.27.0' ],
264 silly audit   'set-function-length': [ '1.2.2' ],
264 silly audit   'set-function-name': [ '2.0.2' ],
264 silly audit   'set-proto': [ '1.0.0' ],
264 silly audit   sharp: [ '0.34.5' ],
264 silly audit   'shebang-command': [ '2.0.0' ],
264 silly audit   'shebang-regex': [ '3.0.0' ],
264 silly audit   'side-channel': [ '1.1.0' ],
264 silly audit   'side-channel-list': [ '1.0.0' ],
264 silly audit   'side-channel-map': [ '1.0.1' ],
264 silly audit   'side-channel-weakmap': [ '1.0.2' ],
264 silly audit   'source-map-js': [ '1.2.1' ],
264 silly audit   'stable-hash': [ '0.0.5' ],
264 silly audit   'stop-iteration-iterator': [ '1.1.0' ],
264 silly audit   'string.prototype.includes': [ '2.0.1' ],
264 silly audit   'string.prototype.matchall': [ '4.0.12' ],
264 silly audit   'string.prototype.repeat': [ '1.0.0' ],
264 silly audit   'string.prototype.trim': [ '1.2.10' ],
264 silly audit   'string.prototype.trimend': [ '1.0.9' ],
264 silly audit   'string.prototype.trimstart': [ '1.0.8' ],
264 silly audit   'strip-bom': [ '3.0.0' ],
264 silly audit   'strip-json-comments': [ '3.1.1' ],
264 silly audit   'styled-jsx': [ '5.1.6' ],
264 silly audit   'supports-color': [ '7.2.0' ],
264 silly audit   'supports-preserve-symlinks-flag': [ '1.0.0' ],
264 silly audit   tinyglobby: [ '0.2.15' ],
264 silly audit   fdir: [ '6.5.0' ],
264 silly audit   'to-regex-range': [ '5.0.1' ],
264 silly audit   'ts-api-utils': [ '2.4.0' ],
264 silly audit   'tsconfig-paths': [ '3.15.0' ],
264 silly audit   tslib: [ '2.8.1' ],
264 silly audit   'type-check': [ '0.4.0' ],
264 silly audit   'typed-array-buffer': [ '1.0.3' ],
264 silly audit   'typed-array-byte-length': [ '1.0.3' ],
264 silly audit   'typed-array-byte-offset': [ '1.0.4' ],
264 silly audit   'typed-array-length': [ '1.0.7' ],
264 silly audit   typescript: [ '5.9.3' ],
264 silly audit   'typescript-eslint': [ '8.56.1' ],
264 silly audit   'unbox-primitive': [ '1.1.0' ],
264 silly audit   'undici-types': [ '6.21.0' ],
264 silly audit   'unrs-resolver': [ '1.11.1' ],
264 silly audit   'update-browserslist-db': [ '1.2.3' ],
264 silly audit   'uri-js': [ '4.4.1' ],
264 silly audit   which: [ '2.0.2' ],
264 silly audit   'which-boxed-primitive': [ '1.1.1' ],
264 silly audit   'which-builtin-type': [ '1.2.1' ],
264 silly audit   'which-collection': [ '1.0.2' ],
264 silly audit   'which-typed-array': [ '1.1.20' ],
264 silly audit   'word-wrap': [ '1.2.5' ],
264 silly audit   yallist: [ '3.1.1' ],
264 silly audit   'yocto-queue': [ '0.1.0' ],
264 silly audit   zod: [ '4.3.6' ],
264 silly audit   'zod-validation-error': [ '4.0.2' ],
264 silly audit   'google-auth-library': [ '10.6.1' ],
264 silly audit   'google-spreadsheet': [ '5.2.0' ],
264 silly audit   'base64-js': [ '1.5.1' ],
264 silly audit   'ecdsa-sig-formatter': [ '1.0.11' ],
264 silly audit   gaxios: [ '7.1.3' ],
264 silly audit   'gcp-metadata': [ '8.1.2' ],
264 silly audit   'google-logging-utils': [ '1.1.3' ],
264 silly audit   jws: [ '4.0.1' ],
264 silly audit   'safe-buffer': [ '5.2.1' ],
264 silly audit   extend: [ '3.0.2' ],
264 silly audit   'https-proxy-agent': [ '7.0.6' ],
264 silly audit   'node-fetch': [ '3.3.2' ],
264 silly audit   rimraf: [ '5.0.10' ],
264 silly audit   'json-bigint': [ '1.0.0' ],
264 silly audit   'es-toolkit': [ '1.44.0' ],
264 silly audit   ky: [ '1.14.3' ],
264 silly audit   'agent-base': [ '7.1.4' ],
264 silly audit   'bignumber.js': [ '9.3.1' ],
264 silly audit   jwa: [ '2.0.1' ],
264 silly audit   'buffer-equal-constant-time': [ '1.0.1' ],
264 silly audit   'data-uri-to-buffer': [ '4.0.1' ],
264 silly audit   'fetch-blob': [ '3.2.0' ],
264 silly audit   'formdata-polyfill': [ '4.0.10' ],
264 silly audit   'node-domexception': [ '1.0.0' ],
264 silly audit   'web-streams-polyfill': [ '3.3.3' ],
264 silly audit   glob: [ '10.5.0' ],
264 silly audit   'foreground-child': [ '3.3.1' ],
264 silly audit   jackspeak: [ '3.4.3' ],
264 silly audit   minipass: [ '7.1.3' ],
264 silly audit   'package-json-from-dist': [ '1.0.1' ],
264 silly audit   'path-scurry': [ '1.11.1' ],
264 silly audit   'signal-exit': [ '4.1.0' ],
264 silly audit   '@isaacs/cliui': [ '8.0.2' ],
264 silly audit   '@pkgjs/parseargs': [ '0.11.0' ],
264 silly audit   'string-width': [ '5.1.2', '4.2.3' ],
264 silly audit   'strip-ansi': [ '7.1.2', '6.0.1' ],
264 silly audit   'wrap-ansi': [ '8.1.0', '7.0.0' ],
264 silly audit   eastasianwidth: [ '0.2.0' ],
264 silly audit   'is-fullwidth-code-point': [ '3.0.0' ],
264 silly audit   'ansi-regex': [ '6.2.2', '5.0.1' ]
264 silly audit }
265 verbose reify failed optional dependency /Users/jradmin/Documents/Anti Gravity/CF-Command-Center/node_modules/@unrs/resolver-binding-win32-x64-msvc
266 silly reify mark deleted [
266 silly reify   '/Users/jradmin/Documents/Anti Gravity/CF-Command-Center/node_modules/@unrs/resolver-binding-win32-x64-msvc'
266 silly reify ]
267 verbose reify failed optional dependency /Users/jradmin/Documents/Anti Gravity/CF-Command-Center/node_modules/@unrs/resolver-binding-win32-ia32-msvc
268 silly reify mark deleted [
268 silly reify   '/Users/jradmin/Documents/Anti Gravity/CF-Command-Center/node_modules/@unrs/resolver-binding-win32-ia32-msvc'
268 silly reify ]
269 verbose reify failed optional dependency /Users/jradmin/Documents/Anti Gravity/CF-Command-Center/node_modules/@unrs/resolver-binding-win32-arm64-msvc
270 silly reify mark deleted [
270 silly reify   '/Users/jradmin/Documents/Anti Gravity/CF-Command-Center/node_modules/@unrs/resolver-binding-win32-arm64-msvc'
270 silly reify ]
271 verbose reify failed optional dependency /Users/jradmin/Documents/Anti Gravity/CF-Command-Center/node_modules/@unrs/resolver-binding-wasm32-wasi
272 silly reify mark deleted [
272 silly reify   '/Users/jradmin/Documents/Anti Gravity/CF-Command-Center/node_modules/@unrs/resolver-binding-wasm32-wasi'
272 silly reify ]
273 verbose reify failed optional dependency /Users/jradmin/Documents/Anti Gravity/CF-Command-Center/node_modules/@napi-rs/wasm-runtime
274 silly reify mark deleted [
274 silly reify   '/Users/jradmin/Documents/Anti Gravity/CF-Command-Center/node_modules/@napi-rs/wasm-runtime'
274 silly reify ]
275 verbose reify failed optional dependency /Users/jradmin/Documents/Anti Gravity/CF-Command-Center/node_modules/@emnapi/core
276 silly reify mark deleted [
276 silly reify   '/Users/jradmin/Documents/Anti Gravity/CF-Command-Center/node_modules/@emnapi/core'
276 silly reify ]
277 verbose reify failed optional dependency /Users/jradmin/Documents/Anti Gravity/CF-Command-Center/node_modules/@tybys/wasm-util
278 silly reify mark deleted [
278 silly reify   '/Users/jradmin/Documents/Anti Gravity/CF-Command-Center/node_modules/@tybys/wasm-util'
278 silly reify ]
279 verbose reify failed optional dependency /Users/jradmin/Documents/Anti Gravity/CF-Command-Center/node_modules/@emnapi/wasi-threads
280 silly reify mark deleted [
280 silly reify   '/Users/jradmin/Documents/Anti Gravity/CF-Command-Center/node_modules/@emnapi/wasi-threads'
280 silly reify ]
281 verbose reify failed optional dependency /Users/jradmin/Documents/Anti Gravity/CF-Command-Center/node_modules/@unrs/resolver-binding-linux-x64-musl
282 silly reify mark deleted [
282 silly reify   '/Users/jradmin/Documents/Anti Gravity/CF-Command-Center/node_modules/@unrs/resolver-binding-linux-x64-musl'
282 silly reify ]
283 verbose reify failed optional dependency /Users/jradmin/Documents/Anti Gravity/CF-Command-Center/node_modules/@unrs/resolver-binding-linux-x64-gnu
284 silly reify mark deleted [
284 silly reify   '/Users/jradmin/Documents/Anti Gravity/CF-Command-Center/node_modules/@unrs/resolver-binding-linux-x64-gnu'
284 silly reify ]
285 verbose reify failed optional dependency /Users/jradmin/Documents/Anti Gravity/CF-Command-Center/node_modules/@unrs/resolver-binding-linux-s390x-gnu
286 silly reify mark deleted [
286 silly reify   '/Users/jradmin/Documents/Anti Gravity/CF-Command-Center/node_modules/@unrs/resolver-binding-linux-s390x-gnu'
286 silly reify ]
287 verbose reify failed optional dependency /Users/jradmin/Documents/Anti Gravity/CF-Command-Center/node_modules/@unrs/resolver-binding-linux-riscv64-musl
288 silly reify mark deleted [
288 silly reify   '/Users/jradmin/Documents/Anti Gravity/CF-Command-Center/node_modules/@unrs/resolver-binding-linux-riscv64-musl'
288 silly reify ]
289 verbose reify failed optional dependency /Users/jradmin/Documents/Anti Gravity/CF-Command-Center/node_modules/@unrs/resolver-binding-linux-riscv64-gnu
290 silly reify mark deleted [
290 silly reify   '/Users/jradmin/Documents/Anti Gravity/CF-Command-Center/node_modules/@unrs/resolver-binding-linux-riscv64-gnu'
290 silly reify ]
291 verbose reify failed optional dependency /Users/jradmin/Documents/Anti Gravity/CF-Command-Center/node_modules/@unrs/resolver-binding-linux-ppc64-gnu
292 silly reify mark deleted [
292 silly reify   '/Users/jradmin/Documents/Anti Gravity/CF-Command-Center/node_modules/@unrs/resolver-binding-linux-ppc64-gnu'
292 silly reify ]
293 verbose reify failed optional dependency /Users/jradmin/Documents/Anti Gravity/CF-Command-Center/node_modules/@unrs/resolver-binding-linux-arm64-musl
294 silly reify mark deleted [
294 silly reify   '/Users/jradmin/Documents/Anti Gravity/CF-Command-Center/node_modules/@unrs/resolver-binding-linux-arm64-musl'
294 silly reify ]
295 verbose reify failed optional dependency /Users/jradmin/Documents/Anti Gravity/CF-Command-Center/node_modules/@unrs/resolver-binding-linux-arm64-gnu
296 silly reify mark deleted [
296 silly reify   '/Users/jradmin/Documents/Anti Gravity/CF-Command-Center/node_modules/@unrs/resolver-binding-linux-arm64-gnu'
296 silly reify ]
297 verbose reify failed optional dependency /Users/jradmin/Documents/Anti Gravity/CF-Command-Center/node_modules/@unrs/resolver-binding-linux-arm-musleabihf
298 silly reify mark deleted [
298 silly reify   '/Users/jradmin/Documents/Anti Gravity/CF-Command-Center/node_modules/@unrs/resolver-binding-linux-arm-musleabihf'
298 silly reify ]
299 verbose reify failed optional dependency /Users/jradmin/Documents/Anti Gravity/CF-Command-Center/node_modules/@unrs/resolver-binding-linux-arm-gnueabihf
300 silly reify mark deleted [
300 silly reify   '/Users/jradmin/Documents/Anti Gravity/CF-Command-Center/node_modules/@unrs/resolver-binding-linux-arm-gnueabihf'
300 silly reify ]
301 verbose reify failed optional dependency /Users/jradmin/Documents/Anti Gravity/CF-Command-Center/node_modules/@unrs/resolver-binding-freebsd-x64
302 silly reify mark deleted [
302 silly reify   '/Users/jradmin/Documents/Anti Gravity/CF-Command-Center/node_modules/@unrs/resolver-binding-freebsd-x64'
302 silly reify ]
303 verbose reify failed optional dependency /Users/jradmin/Documents/Anti Gravity/CF-Command-Center/node_modules/@unrs/resolver-binding-darwin-x64
304 silly reify mark deleted [
304 silly reify   '/Users/jradmin/Documents/Anti Gravity/CF-Command-Center/node_modules/@unrs/resolver-binding-darwin-x64'
304 silly reify ]
305 verbose reify failed optional dependency /Users/jradmin/Documents/Anti Gravity/CF-Command-Center/node_modules/@unrs/resolver-binding-android-arm64
306 silly reify mark deleted [
306 silly reify   '/Users/jradmin/Documents/Anti Gravity/CF-Command-Center/node_modules/@unrs/resolver-binding-android-arm64'
306 silly reify ]
307 verbose reify failed optional dependency /Users/jradmin/Documents/Anti Gravity/CF-Command-Center/node_modules/@unrs/resolver-binding-android-arm-eabi
308 silly reify mark deleted [
308 silly reify   '/Users/jradmin/Documents/Anti Gravity/CF-Command-Center/node_modules/@unrs/resolver-binding-android-arm-eabi'
308 silly reify ]
309 verbose reify failed optional dependency /Users/jradmin/Documents/Anti Gravity/CF-Command-Center/node_modules/@next/swc-win32-x64-msvc
310 silly reify mark deleted [
310 silly reify   '/Users/jradmin/Documents/Anti Gravity/CF-Command-Center/node_modules/@next/swc-win32-x64-msvc'
310 silly reify ]
311 verbose reify failed optional dependency /Users/jradmin/Documents/Anti Gravity/CF-Command-Center/node_modules/@next/swc-win32-arm64-msvc
312 silly reify mark deleted [
312 silly reify   '/Users/jradmin/Documents/Anti Gravity/CF-Command-Center/node_modules/@next/swc-win32-arm64-msvc'
312 silly reify ]
313 verbose reify failed optional dependency /Users/jradmin/Documents/Anti Gravity/CF-Command-Center/node_modules/@next/swc-linux-x64-musl
314 silly reify mark deleted [
314 silly reify   '/Users/jradmin/Documents/Anti Gravity/CF-Command-Center/node_modules/@next/swc-linux-x64-musl'
314 silly reify ]
315 verbose reify failed optional dependency /Users/jradmin/Documents/Anti Gravity/CF-Command-Center/node_modules/@next/swc-linux-x64-gnu
316 silly reify mark deleted [
316 silly reify   '/Users/jradmin/Documents/Anti Gravity/CF-Command-Center/node_modules/@next/swc-linux-x64-gnu'
316 silly reify ]
317 verbose reify failed optional dependency /Users/jradmin/Documents/Anti Gravity/CF-Command-Center/node_modules/@next/swc-linux-arm64-musl
318 silly reify mark deleted [
318 silly reify   '/Users/jradmin/Documents/Anti Gravity/CF-Command-Center/node_modules/@next/swc-linux-arm64-musl'
318 silly reify ]
319 verbose reify failed optional dependency /Users/jradmin/Documents/Anti Gravity/CF-Command-Center/node_modules/@next/swc-linux-arm64-gnu
320 silly reify mark deleted [
320 silly reify   '/Users/jradmin/Documents/Anti Gravity/CF-Command-Center/node_modules/@next/swc-linux-arm64-gnu'
320 silly reify ]
321 verbose reify failed optional dependency /Users/jradmin/Documents/Anti Gravity/CF-Command-Center/node_modules/@next/swc-darwin-x64
322 silly reify mark deleted [
322 silly reify   '/Users/jradmin/Documents/Anti Gravity/CF-Command-Center/node_modules/@next/swc-darwin-x64'
322 silly reify ]
323 verbose reify failed optional dependency /Users/jradmin/Documents/Anti Gravity/CF-Command-Center/node_modules/@img/sharp-win32-x64
324 silly reify mark deleted [
324 silly reify   '/Users/jradmin/Documents/Anti Gravity/CF-Command-Center/node_modules/@img/sharp-win32-x64'
324 silly reify ]
325 verbose reify failed optional dependency /Users/jradmin/Documents/Anti Gravity/CF-Command-Center/node_modules/@img/sharp-win32-ia32
326 silly reify mark deleted [
326 silly reify   '/Users/jradmin/Documents/Anti Gravity/CF-Command-Center/node_modules/@img/sharp-win32-ia32'
326 silly reify ]
327 verbose reify failed optional dependency /Users/jradmin/Documents/Anti Gravity/CF-Command-Center/node_modules/@img/sharp-win32-arm64
328 silly reify mark deleted [
328 silly reify   '/Users/jradmin/Documents/Anti Gravity/CF-Command-Center/node_modules/@img/sharp-win32-arm64'
328 silly reify ]
329 verbose reify failed optional dependency /Users/jradmin/Documents/Anti Gravity/CF-Command-Center/node_modules/@img/sharp-wasm32
330 silly reify mark deleted [
330 silly reify   '/Users/jradmin/Documents/Anti Gravity/CF-Command-Center/node_modules/@img/sharp-wasm32'
330 silly reify ]
331 verbose reify failed optional dependency /Users/jradmin/Documents/Anti Gravity/CF-Command-Center/node_modules/@img/sharp-linuxmusl-x64
332 silly reify mark deleted [
332 silly reify   '/Users/jradmin/Documents/Anti Gravity/CF-Command-Center/node_modules/@img/sharp-linuxmusl-x64'
332 silly reify ]
333 verbose reify failed optional dependency /Users/jradmin/Documents/Anti Gravity/CF-Command-Center/node_modules/@img/sharp-linuxmusl-arm64
334 silly reify mark deleted [
334 silly reify   '/Users/jradmin/Documents/Anti Gravity/CF-Command-Center/node_modules/@img/sharp-linuxmusl-arm64'
334 silly reify ]
335 verbose reify failed optional dependency /Users/jradmin/Documents/Anti Gravity/CF-Command-Center/node_modules/@img/sharp-linux-x64
336 silly reify mark deleted [
336 silly reify   '/Users/jradmin/Documents/Anti Gravity/CF-Command-Center/node_modules/@img/sharp-linux-x64'
336 silly reify ]
337 verbose reify failed optional dependency /Users/jradmin/Documents/Anti Gravity/CF-Command-Center/node_modules/@img/sharp-linux-s390x
338 silly reify mark deleted [
338 silly reify   '/Users/jradmin/Documents/Anti Gravity/CF-Command-Center/node_modules/@img/sharp-linux-s390x'
338 silly reify ]
339 verbose reify failed optional dependency /Users/jradmin/Documents/Anti Gravity/CF-Command-Center/node_modules/@img/sharp-linux-riscv64
340 silly reify mark deleted [
340 silly reify   '/Users/jradmin/Documents/Anti Gravity/CF-Command-Center/node_modules/@img/sharp-linux-riscv64'
340 silly reify ]
341 verbose reify failed optional dependency /Users/jradmin/Documents/Anti Gravity/CF-Command-Center/node_modules/@img/sharp-linux-ppc64
342 silly reify mark deleted [
342 silly reify   '/Users/jradmin/Documents/Anti Gravity/CF-Command-Center/node_modules/@img/sharp-linux-ppc64'
342 silly reify ]
343 verbose reify failed optional dependency /Users/jradmin/Documents/Anti Gravity/CF-Command-Center/node_modules/@img/sharp-linux-arm64
344 silly reify mark deleted [
344 silly reify   '/Users/jradmin/Documents/Anti Gravity/CF-Command-Center/node_modules/@img/sharp-linux-arm64'
344 silly reify ]
345 verbose reify failed optional dependency /Users/jradmin/Documents/Anti Gravity/CF-Command-Center/node_modules/@img/sharp-linux-arm
346 silly reify mark deleted [
346 silly reify   '/Users/jradmin/Documents/Anti Gravity/CF-Command-Center/node_modules/@img/sharp-linux-arm'
346 silly reify ]
347 verbose reify failed optional dependency /Users/jradmin/Documents/Anti Gravity/CF-Command-Center/node_modules/@img/sharp-libvips-linuxmusl-x64
348 silly reify mark deleted [
348 silly reify   '/Users/jradmin/Documents/Anti Gravity/CF-Command-Center/node_modules/@img/sharp-libvips-linuxmusl-x64'
348 silly reify ]
349 verbose reify failed optional dependency /Users/jradmin/Documents/Anti Gravity/CF-Command-Center/node_modules/@img/sharp-libvips-linuxmusl-arm64
350 silly reify mark deleted [
350 silly reify   '/Users/jradmin/Documents/Anti Gravity/CF-Command-Center/node_modules/@img/sharp-libvips-linuxmusl-arm64'
350 silly reify ]
351 verbose reify failed optional dependency /Users/jradmin/Documents/Anti Gravity/CF-Command-Center/node_modules/@img/sharp-libvips-linux-x64
352 silly reify mark deleted [
352 silly reify   '/Users/jradmin/Documents/Anti Gravity/CF-Command-Center/node_modules/@img/sharp-libvips-linux-x64'
352 silly reify ]
353 verbose reify failed optional dependency /Users/jradmin/Documents/Anti Gravity/CF-Command-Center/node_modules/@img/sharp-libvips-linux-s390x
354 silly reify mark deleted [
354 silly reify   '/Users/jradmin/Documents/Anti Gravity/CF-Command-Center/node_modules/@img/sharp-libvips-linux-s390x'
354 silly reify ]
355 verbose reify failed optional dependency /Users/jradmin/Documents/Anti Gravity/CF-Command-Center/node_modules/@img/sharp-libvips-linux-riscv64
356 silly reify mark deleted [
356 silly reify   '/Users/jradmin/Documents/Anti Gravity/CF-Command-Center/node_modules/@img/sharp-libvips-linux-riscv64'
356 silly reify ]
357 verbose reify failed optional dependency /Users/jradmin/Documents/Anti Gravity/CF-Command-Center/node_modules/@img/sharp-libvips-linux-ppc64
358 silly reify mark deleted [
358 silly reify   '/Users/jradmin/Documents/Anti Gravity/CF-Command-Center/node_modules/@img/sharp-libvips-linux-ppc64'
358 silly reify ]
359 verbose reify failed optional dependency /Users/jradmin/Documents/Anti Gravity/CF-Command-Center/node_modules/@img/sharp-libvips-linux-arm64
360 silly reify mark deleted [
360 silly reify   '/Users/jradmin/Documents/Anti Gravity/CF-Command-Center/node_modules/@img/sharp-libvips-linux-arm64'
360 silly reify ]
361 verbose reify failed optional dependency /Users/jradmin/Documents/Anti Gravity/CF-Command-Center/node_modules/@img/sharp-libvips-linux-arm
362 silly reify mark deleted [
362 silly reify   '/Users/jradmin/Documents/Anti Gravity/CF-Command-Center/node_modules/@img/sharp-libvips-linux-arm'
362 silly reify ]
363 verbose reify failed optional dependency /Users/jradmin/Documents/Anti Gravity/CF-Command-Center/node_modules/@img/sharp-libvips-darwin-x64
364 silly reify mark deleted [
364 silly reify   '/Users/jradmin/Documents/Anti Gravity/CF-Command-Center/node_modules/@img/sharp-libvips-darwin-x64'
364 silly reify ]
365 verbose reify failed optional dependency /Users/jradmin/Documents/Anti Gravity/CF-Command-Center/node_modules/@img/sharp-darwin-x64
366 silly reify mark deleted [
366 silly reify   '/Users/jradmin/Documents/Anti Gravity/CF-Command-Center/node_modules/@img/sharp-darwin-x64'
366 silly reify ]
367 timing reifyNode:node_modules/@unrs/resolver-binding-win32-x64-msvc Completed in 7ms
368 timing reifyNode:node_modules/@unrs/resolver-binding-win32-ia32-msvc Completed in 7ms
369 timing reifyNode:node_modules/@unrs/resolver-binding-win32-arm64-msvc Completed in 7ms
370 timing reifyNode:node_modules/@unrs/resolver-binding-wasm32-wasi Completed in 7ms
371 timing reifyNode:node_modules/@unrs/resolver-binding-linux-x64-musl Completed in 7ms
372 timing reifyNode:node_modules/@unrs/resolver-binding-linux-x64-gnu Completed in 7ms
373 timing reifyNode:node_modules/@unrs/resolver-binding-linux-s390x-gnu Completed in 7ms
374 timing reifyNode:node_modules/@unrs/resolver-binding-linux-riscv64-musl Completed in 7ms
375 timing reifyNode:node_modules/@unrs/resolver-binding-linux-riscv64-gnu Completed in 6ms
376 timing reifyNode:node_modules/@unrs/resolver-binding-linux-ppc64-gnu Completed in 6ms
377 timing reifyNode:node_modules/@unrs/resolver-binding-linux-arm64-musl Completed in 6ms
378 timing reifyNode:node_modules/@unrs/resolver-binding-linux-arm64-gnu Completed in 6ms
379 timing reifyNode:node_modules/@unrs/resolver-binding-linux-arm-musleabihf Completed in 6ms
380 timing reifyNode:node_modules/@unrs/resolver-binding-linux-arm-gnueabihf Completed in 6ms
381 timing reifyNode:node_modules/@unrs/resolver-binding-freebsd-x64 Completed in 6ms
382 timing reifyNode:node_modules/@unrs/resolver-binding-darwin-x64 Completed in 6ms
383 timing reifyNode:node_modules/@unrs/resolver-binding-android-arm64 Completed in 6ms
384 timing reifyNode:node_modules/@unrs/resolver-binding-android-arm-eabi Completed in 6ms
385 timing reifyNode:node_modules/@next/swc-win32-x64-msvc Completed in 6ms
386 timing reifyNode:node_modules/@next/swc-win32-arm64-msvc Completed in 6ms
387 timing reifyNode:node_modules/@next/swc-linux-x64-musl Completed in 6ms
388 timing reifyNode:node_modules/@next/swc-linux-x64-gnu Completed in 6ms
389 timing reifyNode:node_modules/@next/swc-linux-arm64-musl Completed in 6ms
390 timing reifyNode:node_modules/@next/swc-linux-arm64-gnu Completed in 6ms
391 timing reifyNode:node_modules/@next/swc-darwin-x64 Completed in 6ms
392 timing reifyNode:node_modules/@img/sharp-win32-x64 Completed in 7ms
393 timing reifyNode:node_modules/@img/sharp-win32-ia32 Completed in 7ms
394 timing reifyNode:node_modules/@img/sharp-win32-arm64 Completed in 7ms
395 timing reifyNode:node_modules/@img/sharp-wasm32 Completed in 7ms
396 timing reifyNode:node_modules/@img/sharp-linuxmusl-x64 Completed in 7ms
397 timing reifyNode:node_modules/@img/sharp-linuxmusl-arm64 Completed in 7ms
398 timing reifyNode:node_modules/@img/sharp-linux-x64 Completed in 7ms
399 timing reifyNode:node_modules/@img/sharp-linux-s390x Completed in 7ms
400 timing reifyNode:node_modules/@img/sharp-linux-riscv64 Completed in 7ms
401 timing reifyNode:node_modules/@img/sharp-linux-ppc64 Completed in 7ms
402 timing reifyNode:node_modules/@img/sharp-linux-arm64 Completed in 7ms
403 timing reifyNode:node_modules/@img/sharp-linux-arm Completed in 7ms
404 timing reifyNode:node_modules/@img/sharp-libvips-linuxmusl-x64 Completed in 7ms
405 timing reifyNode:node_modules/@img/sharp-libvips-linuxmusl-arm64 Completed in 7ms
406 timing reifyNode:node_modules/@img/sharp-libvips-linux-x64 Completed in 7ms
407 timing reifyNode:node_modules/@img/sharp-libvips-linux-s390x Completed in 7ms
408 timing reifyNode:node_modules/@img/sharp-libvips-linux-riscv64 Completed in 7ms
409 timing reifyNode:node_modules/@img/sharp-libvips-linux-ppc64 Completed in 7ms
410 timing reifyNode:node_modules/@img/sharp-libvips-linux-arm64 Completed in 7ms
411 timing reifyNode:node_modules/@img/sharp-libvips-linux-arm Completed in 7ms
412 timing reifyNode:node_modules/@img/sharp-libvips-darwin-x64 Completed in 7ms
413 timing reifyNode:node_modules/@img/sharp-darwin-x64 Completed in 7ms
414 silly tarball no local data for ansi-regex@https://registry.npmjs.org/ansi-regex/-/ansi-regex-6.2.2.tgz. Extracting by manifest.
415 silly tarball no local data for strip-ansi@https://registry.npmjs.org/strip-ansi/-/strip-ansi-7.1.2.tgz. Extracting by manifest.
416 silly tarball no local data for strip-ansi-cjs@https://registry.npmjs.org/strip-ansi/-/strip-ansi-6.0.1.tgz. Extracting by manifest.
417 silly tarball no local data for wrap-ansi@https://registry.npmjs.org/wrap-ansi/-/wrap-ansi-8.1.0.tgz. Extracting by manifest.
418 silly tarball no local data for string-width@https://registry.npmjs.org/string-width/-/string-width-5.1.2.tgz. Extracting by manifest.
419 silly tarball no local data for wrap-ansi-cjs@https://registry.npmjs.org/wrap-ansi/-/wrap-ansi-7.0.0.tgz. Extracting by manifest.
420 silly tarball no local data for string-width-cjs@https://registry.npmjs.org/string-width/-/string-width-4.2.3.tgz. Extracting by manifest.
421 silly tarball no local data for path-scurry@https://registry.npmjs.org/path-scurry/-/path-scurry-1.11.1.tgz. Extracting by manifest.
422 silly tarball no local data for @isaacs/cliui@https://registry.npmjs.org/@isaacs/cliui/-/cliui-8.0.2.tgz. Extracting by manifest.
423 silly tarball no local data for is-fullwidth-code-point@https://registry.npmjs.org/is-fullwidth-code-point/-/is-fullwidth-code-point-3.0.0.tgz. Extracting by manifest.
424 silly tarball no local data for signal-exit@https://registry.npmjs.org/signal-exit/-/signal-exit-4.1.0.tgz. Extracting by manifest.
425 silly tarball no local data for eastasianwidth@https://registry.npmjs.org/eastasianwidth/-/eastasianwidth-0.2.0.tgz. Extracting by manifest.
426 silly tarball no local data for package-json-from-dist@https://registry.npmjs.org/package-json-from-dist/-/package-json-from-dist-1.0.1.tgz. Extracting by manifest.
427 silly tarball no local data for jackspeak@https://registry.npmjs.org/jackspeak/-/jackspeak-3.4.3.tgz. Extracting by manifest.
428 silly tarball no local data for minipass@https://registry.npmjs.org/minipass/-/minipass-7.1.3.tgz. Extracting by manifest.
429 silly tarball no local data for web-streams-polyfill@https://registry.npmjs.org/web-streams-polyfill/-/web-streams-polyfill-3.3.3.tgz. Extracting by manifest.
430 silly tarball no local data for glob@https://registry.npmjs.org/glob/-/glob-10.5.0.tgz. Extracting by manifest.
431 silly tarball no local data for @pkgjs/parseargs@https://registry.npmjs.org/@pkgjs/parseargs/-/parseargs-0.11.0.tgz. Extracting by manifest.
432 silly tarball no local data for node-domexception@https://registry.npmjs.org/node-domexception/-/node-domexception-1.0.0.tgz. Extracting by manifest.
433 silly tarball no local data for fetch-blob@https://registry.npmjs.org/fetch-blob/-/fetch-blob-3.2.0.tgz. Extracting by manifest.
434 silly tarball no local data for formdata-polyfill@https://registry.npmjs.org/formdata-polyfill/-/formdata-polyfill-4.0.10.tgz. Extracting by manifest.
435 silly tarball no local data for ky@https://registry.npmjs.org/ky/-/ky-1.14.3.tgz. Extracting by manifest.
436 silly tarball no local data for json-bigint@https://registry.npmjs.org/json-bigint/-/json-bigint-1.0.0.tgz. Extracting by manifest.
437 silly tarball no local data for bignumber.js@https://registry.npmjs.org/bignumber.js/-/bignumber.js-9.3.1.tgz. Extracting by manifest.
438 silly tarball no local data for foreground-child@https://registry.npmjs.org/foreground-child/-/foreground-child-3.3.1.tgz. Extracting by manifest.
439 silly tarball no local data for es-toolkit@https://registry.npmjs.org/es-toolkit/-/es-toolkit-1.44.0.tgz. Extracting by manifest.
440 silly tarball no local data for agent-base@https://registry.npmjs.org/agent-base/-/agent-base-7.1.4.tgz. Extracting by manifest.
441 silly tarball no local data for jwa@https://registry.npmjs.org/jwa/-/jwa-2.0.1.tgz. Extracting by manifest.
442 silly tarball no local data for node-fetch@https://registry.npmjs.org/node-fetch/-/node-fetch-3.3.2.tgz. Extracting by manifest.
443 silly tarball no local data for buffer-equal-constant-time@https://registry.npmjs.org/buffer-equal-constant-time/-/buffer-equal-constant-time-1.0.1.tgz. Extracting by manifest.
444 silly tarball no local data for data-uri-to-buffer@https://registry.npmjs.org/data-uri-to-buffer/-/data-uri-to-buffer-4.0.1.tgz. Extracting by manifest.
445 silly tarball no local data for https-proxy-agent@https://registry.npmjs.org/https-proxy-agent/-/https-proxy-agent-7.0.6.tgz. Extracting by manifest.
446 silly tarball no local data for extend@https://registry.npmjs.org/extend/-/extend-3.0.2.tgz. Extracting by manifest.
447 silly tarball no local data for jws@https://registry.npmjs.org/jws/-/jws-4.0.1.tgz. Extracting by manifest.
448 silly tarball no local data for gcp-metadata@https://registry.npmjs.org/gcp-metadata/-/gcp-metadata-8.1.2.tgz. Extracting by manifest.
449 silly tarball no local data for gaxios@https://registry.npmjs.org/gaxios/-/gaxios-7.1.3.tgz. Extracting by manifest.
450 silly tarball no local data for google-logging-utils@https://registry.npmjs.org/google-logging-utils/-/google-logging-utils-1.1.3.tgz. Extracting by manifest.
451 silly tarball no local data for google-spreadsheet@https://registry.npmjs.org/google-spreadsheet/-/google-spreadsheet-5.2.0.tgz. Extracting by manifest.
452 silly tarball no local data for ecdsa-sig-formatter@https://registry.npmjs.org/ecdsa-sig-formatter/-/ecdsa-sig-formatter-1.0.11.tgz. Extracting by manifest.
453 silly tarball no local data for base64-js@https://registry.npmjs.org/base64-js/-/base64-js-1.5.1.tgz. Extracting by manifest.
454 silly tarball no local data for google-auth-library@https://registry.npmjs.org/google-auth-library/-/google-auth-library-10.6.1.tgz. Extracting by manifest.
455 silly tarball no local data for ansi-regex@https://registry.npmjs.org/ansi-regex/-/ansi-regex-5.0.1.tgz. Extracting by manifest.
456 silly tarball no local data for strip-ansi@https://registry.npmjs.org/strip-ansi/-/strip-ansi-6.0.1.tgz. Extracting by manifest.
457 silly tarball no local data for ansi-regex@https://registry.npmjs.org/ansi-regex/-/ansi-regex-5.0.1.tgz. Extracting by manifest.
458 silly tarball no local data for emoji-regex@https://registry.npmjs.org/emoji-regex/-/emoji-regex-8.0.0.tgz. Extracting by manifest.
459 silly tarball no local data for strip-ansi@https://registry.npmjs.org/strip-ansi/-/strip-ansi-6.0.1.tgz. Extracting by manifest.
460 silly tarball no local data for ansi-regex@https://registry.npmjs.org/ansi-regex/-/ansi-regex-5.0.1.tgz. Extracting by manifest.
461 silly tarball no local data for emoji-regex@https://registry.npmjs.org/emoji-regex/-/emoji-regex-8.0.0.tgz. Extracting by manifest.
462 silly tarball no local data for string-width@https://registry.npmjs.org/string-width/-/string-width-4.2.3.tgz. Extracting by manifest.
463 silly tarball no local data for ansi-styles@https://registry.npmjs.org/ansi-styles/-/ansi-styles-6.2.3.tgz. Extracting by manifest.
464 silly tarball no local data for lru-cache@https://registry.npmjs.org/lru-cache/-/lru-cache-10.4.3.tgz. Extracting by manifest.
465 silly tarball no local data for safe-buffer@https://registry.npmjs.org/safe-buffer/-/safe-buffer-5.2.1.tgz. Extracting by manifest.
466 silly tarball no local data for rimraf@https://registry.npmjs.org/rimraf/-/rimraf-5.0.10.tgz. Extracting by manifest.
467 silly tarball no local data for minimatch@https://registry.npmjs.org/minimatch/-/minimatch-9.0.8.tgz. Extracting by manifest.
468 timing reifyNode:node_modules/glob/node_modules/balanced-match Completed in 95ms
469 timing reifyNode:node_modules/glob/node_modules/brace-expansion Completed in 97ms
470 timing reifyNode:node_modules/@emnapi/wasi-threads Completed in 99ms
471 http fetch GET 200 https://registry.npmjs.org/wrap-ansi/-/wrap-ansi-7.0.0.tgz 86ms (cache miss)
472 timing reifyNode:node_modules/wrap-ansi-cjs Completed in 102ms
473 timing reifyNode:node_modules/@tybys/wasm-util Completed in 103ms
474 timing reifyNode:node_modules/@emnapi/core Completed in 106ms
475 http fetch GET 200 https://registry.npmjs.org/string-width/-/string-width-4.2.3.tgz 93ms (cache miss)
476 timing reifyNode:node_modules/string-width-cjs Completed in 109ms
477 http fetch GET 200 https://registry.npmjs.org/string-width/-/string-width-5.1.2.tgz 94ms (cache miss)
478 timing reifyNode:node_modules/string-width Completed in 109ms
479 http fetch GET 200 https://registry.npmjs.org/strip-ansi/-/strip-ansi-6.0.1.tgz 95ms (cache miss)
480 timing reifyNode:node_modules/strip-ansi-cjs Completed in 109ms
481 http fetch GET 200 https://registry.npmjs.org/ansi-regex/-/ansi-regex-6.2.2.tgz 103ms (cache miss)
482 timing reifyNode:node_modules/ansi-regex Completed in 116ms
483 http fetch GET 200 https://registry.npmjs.org/wrap-ansi/-/wrap-ansi-8.1.0.tgz 102ms (cache miss)
484 timing reifyNode:node_modules/wrap-ansi Completed in 116ms
485 timing reifyNode:node_modules/@napi-rs/wasm-runtime Completed in 116ms
486 http fetch GET 200 https://registry.npmjs.org/strip-ansi/-/strip-ansi-7.1.2.tgz 109ms (cache miss)
487 timing reifyNode:node_modules/strip-ansi Completed in 123ms
488 http fetch GET 200 https://registry.npmjs.org/node-fetch/-/node-fetch-3.3.2.tgz 160ms (cache miss)
489 timing reifyNode:node_modules/node-fetch Completed in 205ms
490 http fetch GET 200 https://registry.npmjs.org/jws/-/jws-4.0.1.tgz 160ms (cache miss)
491 timing reifyNode:node_modules/jws Completed in 206ms
492 http fetch GET 200 https://registry.npmjs.org/extend/-/extend-3.0.2.tgz 163ms (cache miss)
493 timing reifyNode:node_modules/extend Completed in 209ms
494 http fetch GET 200 https://registry.npmjs.org/ansi-regex/-/ansi-regex-5.0.1.tgz 161ms (cache miss)
495 timing reifyNode:node_modules/strip-ansi-cjs/node_modules/ansi-regex Completed in 210ms
496 http fetch GET 200 https://registry.npmjs.org/eastasianwidth/-/eastasianwidth-0.2.0.tgz 182ms (cache miss)
497 timing reifyNode:node_modules/eastasianwidth Completed in 210ms
498 http fetch GET 200 https://registry.npmjs.org/node-domexception/-/node-domexception-1.0.0.tgz 184ms (cache miss)
499 warn deprecated node-domexception@1.0.0: Use your platform's native DOMException instead
500 timing reifyNode:node_modules/node-domexception Completed in 224ms
501 http fetch GET 200 https://registry.npmjs.org/agent-base/-/agent-base-7.1.4.tgz 188ms (cache miss)
502 timing reifyNode:node_modules/agent-base Completed in 233ms
503 http fetch GET 200 https://registry.npmjs.org/signal-exit/-/signal-exit-4.1.0.tgz 212ms (cache miss)
504 timing reifyNode:node_modules/signal-exit Completed in 239ms
505 http fetch GET 200 https://registry.npmjs.org/https-proxy-agent/-/https-proxy-agent-7.0.6.tgz 193ms (cache miss)
506 timing reifyNode:node_modules/https-proxy-agent Completed in 239ms
507 http fetch POST 200 https://registry.npmjs.org/-/npm/v1/security/advisories/bulk 244ms
508 timing auditReport:getReport Completed in 247ms
509 silly audit report {}
510 timing auditReport:init Completed in 0ms
511 timing reify:audit Completed in 247ms
512 http fetch GET 200 https://registry.npmjs.org/formdata-polyfill/-/formdata-polyfill-4.0.10.tgz 210ms (cache miss)
513 timing reifyNode:node_modules/formdata-polyfill Completed in 250ms
514 http fetch GET 200 https://registry.npmjs.org/package-json-from-dist/-/package-json-from-dist-1.0.1.tgz 242ms (cache miss)
515 timing reifyNode:node_modules/package-json-from-dist Completed in 271ms
516 http fetch GET 200 https://registry.npmjs.org/jwa/-/jwa-2.0.1.tgz 246ms (cache miss)
517 timing reifyNode:node_modules/jwa Completed in 291ms
518 http fetch GET 200 https://registry.npmjs.org/base64-js/-/base64-js-1.5.1.tgz 244ms (cache miss)
519 timing reifyNode:node_modules/base64-js Completed in 291ms
520 http fetch GET 200 https://registry.npmjs.org/path-scurry/-/path-scurry-1.11.1.tgz 273ms (cache miss)
521 timing reifyNode:node_modules/path-scurry Completed in 295ms
522 http fetch GET 200 https://registry.npmjs.org/foreground-child/-/foreground-child-3.3.1.tgz 260ms (cache miss)
523 timing reifyNode:node_modules/foreground-child Completed in 302ms
524 http fetch GET 200 https://registry.npmjs.org/ansi-regex/-/ansi-regex-5.0.1.tgz 247ms (cache miss)
525 timing reifyNode:node_modules/string-width-cjs/node_modules/ansi-regex Completed in 302ms
526 http fetch GET 200 https://registry.npmjs.org/buffer-equal-constant-time/-/buffer-equal-constant-time-1.0.1.tgz 255ms (cache miss)
527 timing reifyNode:node_modules/buffer-equal-constant-time Completed in 301ms
528 http fetch GET 200 https://registry.npmjs.org/strip-ansi/-/strip-ansi-6.0.1.tgz 298ms (cache miss)
529 timing reifyNode:node_modules/string-width-cjs/node_modules/strip-ansi Completed in 348ms
530 http fetch GET 200 https://registry.npmjs.org/data-uri-to-buffer/-/data-uri-to-buffer-4.0.1.tgz 313ms (cache miss)
531 timing reifyNode:node_modules/data-uri-to-buffer Completed in 359ms
532 http fetch GET 200 https://registry.npmjs.org/is-fullwidth-code-point/-/is-fullwidth-code-point-3.0.0.tgz 335ms (cache miss)
533 timing reifyNode:node_modules/is-fullwidth-code-point Completed in 360ms
534 http fetch GET 200 https://registry.npmjs.org/ansi-regex/-/ansi-regex-5.0.1.tgz 312ms (cache miss)
535 timing reifyNode:node_modules/wrap-ansi-cjs/node_modules/ansi-regex Completed in 361ms
536 http fetch GET 200 https://registry.npmjs.org/string-width/-/string-width-4.2.3.tgz 305ms (cache miss)
537 timing reifyNode:node_modules/wrap-ansi-cjs/node_modules/string-width Completed in 361ms
538 http fetch GET 200 https://registry.npmjs.org/@isaacs/cliui/-/cliui-8.0.2.tgz 338ms (cache miss)
539 http fetch GET 200 https://registry.npmjs.org/ansi-styles/-/ansi-styles-6.2.3.tgz 305ms (cache miss)
540 timing reifyNode:node_modules/wrap-ansi/node_modules/ansi-styles Completed in 361ms
541 timing reifyNode:node_modules/@isaacs/cliui Completed in 361ms
542 http fetch GET 200 https://registry.npmjs.org/safe-buffer/-/safe-buffer-5.2.1.tgz 306ms (cache miss)
543 timing reifyNode:node_modules/safe-buffer Completed in 361ms
544 http fetch GET 200 https://registry.npmjs.org/fetch-blob/-/fetch-blob-3.2.0.tgz 321ms (cache miss)
545 timing reifyNode:node_modules/fetch-blob Completed in 361ms
546 http fetch GET 200 https://registry.npmjs.org/emoji-regex/-/emoji-regex-8.0.0.tgz 316ms (cache miss)
547 timing reifyNode:node_modules/string-width-cjs/node_modules/emoji-regex Completed in 372ms
548 http fetch GET 200 https://registry.npmjs.org/jackspeak/-/jackspeak-3.4.3.tgz 366ms (cache miss)
549 timing reifyNode:node_modules/jackspeak Completed in 395ms
550 http fetch GET 200 https://registry.npmjs.org/gcp-metadata/-/gcp-metadata-8.1.2.tgz 350ms (cache miss)
551 timing reifyNode:node_modules/gcp-metadata Completed in 396ms
552 http fetch GET 200 https://registry.npmjs.org/emoji-regex/-/emoji-regex-8.0.0.tgz 365ms (cache miss)
553 timing reifyNode:node_modules/wrap-ansi-cjs/node_modules/emoji-regex Completed in 414ms
554 http fetch GET 200 https://registry.npmjs.org/minipass/-/minipass-7.1.3.tgz 396ms (cache miss)
555 timing reifyNode:node_modules/minipass Completed in 426ms
556 http fetch GET 200 https://registry.npmjs.org/google-spreadsheet/-/google-spreadsheet-5.2.0.tgz 385ms (cache miss)
557 timing reifyNode:node_modules/google-spreadsheet Completed in 432ms
558 http fetch GET 200 https://registry.npmjs.org/google-auth-library/-/google-auth-library-10.6.1.tgz 387ms (cache miss)
559 timing reifyNode:node_modules/google-auth-library Completed in 435ms
560 http fetch GET 200 https://registry.npmjs.org/ecdsa-sig-formatter/-/ecdsa-sig-formatter-1.0.11.tgz 399ms (cache miss)
561 timing reifyNode:node_modules/ecdsa-sig-formatter Completed in 446ms
562 http fetch GET 200 https://registry.npmjs.org/bignumber.js/-/bignumber.js-9.3.1.tgz 406ms (cache miss)
563 timing reifyNode:node_modules/bignumber.js Completed in 447ms
564 http fetch GET 200 https://registry.npmjs.org/glob/-/glob-10.5.0.tgz 417ms (cache miss)
565 warn deprecated glob@10.5.0: Old versions of glob are not supported, and contain widely publicized security vulnerabilities, which have been fixed in the current version. Please update. Support for old versions may be purchased (at exorbitant rates) by contacting i@izs.me
566 timing reifyNode:node_modules/glob Completed in 449ms
567 http fetch GET 200 https://registry.npmjs.org/ky/-/ky-1.14.3.tgz 409ms (cache miss)
568 timing reifyNode:node_modules/ky Completed in 450ms
569 http fetch GET 200 https://registry.npmjs.org/minimatch/-/minimatch-9.0.8.tgz 412ms (cache miss)
570 timing reifyNode:node_modules/glob/node_modules/minimatch Completed in 475ms
571 http fetch GET 200 https://registry.npmjs.org/rimraf/-/rimraf-5.0.10.tgz 438ms (cache miss)
572 timing reifyNode:node_modules/rimraf Completed in 495ms
573 http fetch GET 200 https://registry.npmjs.org/@pkgjs/parseargs/-/parseargs-0.11.0.tgz 479ms (cache miss)
574 timing reifyNode:node_modules/@pkgjs/parseargs Completed in 512ms
575 http fetch GET 200 https://registry.npmjs.org/lru-cache/-/lru-cache-10.4.3.tgz 457ms (cache miss)
576 timing reifyNode:node_modules/path-scurry/node_modules/lru-cache Completed in 513ms
577 http fetch GET 200 https://registry.npmjs.org/json-bigint/-/json-bigint-1.0.0.tgz 471ms (cache miss)
578 timing reifyNode:node_modules/json-bigint Completed in 512ms
579 http fetch GET 200 https://registry.npmjs.org/gaxios/-/gaxios-7.1.3.tgz 490ms (cache miss)
580 timing reifyNode:node_modules/gaxios Completed in 537ms
581 http fetch GET 200 https://registry.npmjs.org/google-logging-utils/-/google-logging-utils-1.1.3.tgz 500ms (cache miss)
582 timing reifyNode:node_modules/google-logging-utils Completed in 547ms
583 http fetch GET 200 https://registry.npmjs.org/web-streams-polyfill/-/web-streams-polyfill-3.3.3.tgz 575ms (cache miss)
584 timing reifyNode:node_modules/web-streams-polyfill Completed in 605ms
585 http fetch GET 200 https://registry.npmjs.org/strip-ansi/-/strip-ansi-6.0.1.tgz 560ms (cache miss)
586 timing reifyNode:node_modules/wrap-ansi-cjs/node_modules/strip-ansi Completed in 609ms
587 http fetch GET 200 https://registry.npmjs.org/es-toolkit/-/es-toolkit-1.44.0.tgz 612ms (cache miss)
588 timing reifyNode:node_modules/es-toolkit Completed in 653ms
589 timing reify:unpack Completed in 654ms
590 timing reify:unretire Completed in 0ms
591 timing build:queue Completed in 1ms
592 timing build:link:node_modules/rimraf Completed in 1ms
593 timing build:link:node_modules/glob Completed in 1ms
594 timing build:link Completed in 1ms
595 timing build:deps Completed in 2ms
596 timing build Completed in 2ms
597 timing reify:build Completed in 2ms
598 timing reify:trash Completed in 4ms
599 timing reify:save Completed in 39ms
600 timing reify Completed in 4692ms
601 silly ADD node_modules/ansi-regex
602 silly ADD node_modules/is-fullwidth-code-point
603 silly ADD node_modules/eastasianwidth
604 silly ADD node_modules/wrap-ansi-cjs
605 silly ADD node_modules/wrap-ansi-cjs/node_modules/ansi-regex
606 silly ADD node_modules/wrap-ansi-cjs/node_modules/emoji-regex
607 silly ADD node_modules/wrap-ansi-cjs/node_modules/strip-ansi
608 silly ADD node_modules/wrap-ansi-cjs/node_modules/string-width
609 silly ADD node_modules/wrap-ansi
610 silly ADD node_modules/wrap-ansi/node_modules/ansi-styles
611 silly ADD node_modules/strip-ansi-cjs
612 silly ADD node_modules/strip-ansi-cjs/node_modules/ansi-regex
613 silly ADD node_modules/strip-ansi
614 silly ADD node_modules/string-width-cjs
615 silly ADD node_modules/string-width-cjs/node_modules/ansi-regex
616 silly ADD node_modules/string-width-cjs/node_modules/strip-ansi
617 silly ADD node_modules/string-width-cjs/node_modules/emoji-regex
618 silly ADD node_modules/string-width
619 silly ADD node_modules/@pkgjs/parseargs
620 silly ADD node_modules/@isaacs/cliui
621 silly ADD node_modules/signal-exit
622 silly ADD node_modules/path-scurry
623 silly ADD node_modules/path-scurry/node_modules/lru-cache
624 silly ADD node_modules/package-json-from-dist
625 silly ADD node_modules/minipass
626 silly ADD node_modules/jackspeak
627 silly ADD node_modules/foreground-child
628 silly ADD node_modules/glob
629 silly ADD node_modules/glob/node_modules/balanced-match
630 silly ADD node_modules/glob/node_modules/brace-expansion
631 silly ADD node_modules/glob/node_modules/minimatch
632 silly ADD node_modules/web-streams-polyfill
633 silly ADD node_modules/node-domexception
634 silly ADD node_modules/formdata-polyfill
635 silly ADD node_modules/fetch-blob
636 silly ADD node_modules/data-uri-to-buffer
637 silly ADD node_modules/buffer-equal-constant-time
638 silly ADD node_modules/jwa
639 silly ADD node_modules/bignumber.js
640 silly ADD node_modules/agent-base
641 silly ADD node_modules/ky
642 silly ADD node_modules/es-toolkit
643 silly ADD node_modules/json-bigint
644 silly ADD node_modules/rimraf
645 silly ADD node_modules/node-fetch
646 silly ADD node_modules/https-proxy-agent
647 silly ADD node_modules/extend
648 silly ADD node_modules/safe-buffer
649 silly ADD node_modules/jws
650 silly ADD node_modules/google-logging-utils
651 silly ADD node_modules/gcp-metadata
652 silly ADD node_modules/gaxios
653 silly ADD node_modules/ecdsa-sig-formatter
654 silly ADD node_modules/base64-js
655 silly ADD node_modules/google-spreadsheet
656 silly ADD node_modules/google-auth-library
657 silly ADD
658 silly ADD
659 silly ADD
660 silly ADD
661 silly ADD
662 silly ADD
663 silly ADD
664 silly ADD
665 silly ADD
666 silly ADD
667 silly ADD
668 silly ADD
669 silly ADD
670 silly ADD
671 silly ADD
672 silly ADD
673 silly ADD
674 silly ADD
675 silly ADD
676 silly ADD
677 silly ADD
678 silly ADD
679 silly ADD
680 silly ADD
681 silly ADD
682 silly ADD
683 silly ADD
684 silly ADD
685 silly ADD
686 silly ADD
687 silly ADD
688 silly ADD
689 silly ADD
690 silly ADD
691 silly ADD
692 silly ADD
693 silly ADD
694 silly ADD
695 silly ADD
696 silly ADD
697 silly ADD
698 silly ADD
699 silly ADD
700 silly ADD
701 silly ADD
702 silly ADD
703 silly ADD
704 silly ADD
705 silly ADD
706 silly ADD
707 silly ADD
708 timing command:install Completed in 4695ms
709 verbose exit 0
710 timing npm Completed in 4822ms
711 info ok
